[2023-05-23T22:57:42.553+0000] {processor.py:157} INFO - Started process (PID=32) to work on /opt/airflow/dags/ohcl_daily.py
[2023-05-23T22:57:42.553+0000] {processor.py:826} INFO - Processing file /opt/airflow/dags/ohcl_daily.py for tasks to queue
[2023-05-23T22:57:42.554+0000] {logging_mixin.py:149} INFO - [2023-05-23T22:57:42.553+0000] {dagbag.py:541} INFO - Filling up the DagBag from /opt/airflow/dags/ohcl_daily.py
[2023-05-23T22:57:42.566+0000] {processor.py:836} INFO - DAG(s) dict_keys(['ohcl_daily']) retrieved from /opt/airflow/dags/ohcl_daily.py
[2023-05-23T22:57:42.788+0000] {logging_mixin.py:149} INFO - [2023-05-23T22:57:42.788+0000] {manager.py:504} INFO - Created Permission View: can read on DAG:ohcl_daily
[2023-05-23T22:57:42.795+0000] {logging_mixin.py:149} INFO - [2023-05-23T22:57:42.795+0000] {manager.py:504} INFO - Created Permission View: can delete on DAG:ohcl_daily
[2023-05-23T22:57:42.800+0000] {logging_mixin.py:149} INFO - [2023-05-23T22:57:42.800+0000] {manager.py:504} INFO - Created Permission View: can edit on DAG:ohcl_daily
[2023-05-23T22:57:42.800+0000] {logging_mixin.py:149} INFO - [2023-05-23T22:57:42.800+0000] {dag.py:2726} INFO - Sync 1 DAGs
[2023-05-23T22:57:42.810+0000] {logging_mixin.py:149} INFO - [2023-05-23T22:57:42.810+0000] {dag.py:2747} INFO - Creating ORM DAG for ohcl_daily
[2023-05-23T22:57:42.818+0000] {logging_mixin.py:149} INFO - [2023-05-23T22:57:42.818+0000] {dag.py:3490} INFO - Setting next_dagrun for ohcl_daily to 2023-05-22T00:00:00+00:00, run_after=2023-05-23T00:00:00+00:00
[2023-05-23T22:57:42.833+0000] {processor.py:179} INFO - Processing /opt/airflow/dags/ohcl_daily.py took 0.283 seconds
[2023-05-23T22:58:12.971+0000] {processor.py:157} INFO - Started process (PID=40) to work on /opt/airflow/dags/ohcl_daily.py
[2023-05-23T22:58:12.972+0000] {processor.py:826} INFO - Processing file /opt/airflow/dags/ohcl_daily.py for tasks to queue
[2023-05-23T22:58:12.972+0000] {logging_mixin.py:149} INFO - [2023-05-23T22:58:12.972+0000] {dagbag.py:541} INFO - Filling up the DagBag from /opt/airflow/dags/ohcl_daily.py
[2023-05-23T22:58:12.988+0000] {processor.py:836} INFO - DAG(s) dict_keys(['ohcl_daily']) retrieved from /opt/airflow/dags/ohcl_daily.py
[2023-05-23T22:58:13.020+0000] {logging_mixin.py:149} INFO - [2023-05-23T22:58:13.020+0000] {dag.py:2726} INFO - Sync 1 DAGs
[2023-05-23T22:58:13.044+0000] {logging_mixin.py:149} INFO - [2023-05-23T22:58:13.044+0000] {dag.py:3490} INFO - Setting next_dagrun for ohcl_daily to 2023-05-23T00:00:00+00:00, run_after=2023-05-24T00:00:00+00:00
[2023-05-23T22:58:13.111+0000] {processor.py:179} INFO - Processing /opt/airflow/dags/ohcl_daily.py took 0.144 seconds
[2023-05-23T22:58:43.225+0000] {processor.py:157} INFO - Started process (PID=48) to work on /opt/airflow/dags/ohcl_daily.py
[2023-05-23T22:58:43.360+0000] {processor.py:826} INFO - Processing file /opt/airflow/dags/ohcl_daily.py for tasks to queue
[2023-05-23T22:58:43.360+0000] {logging_mixin.py:149} INFO - [2023-05-23T22:58:43.360+0000] {dagbag.py:541} INFO - Filling up the DagBag from /opt/airflow/dags/ohcl_daily.py
[2023-05-23T22:58:43.367+0000] {processor.py:836} INFO - DAG(s) dict_keys(['ohcl_daily']) retrieved from /opt/airflow/dags/ohcl_daily.py
[2023-05-23T22:58:43.386+0000] {logging_mixin.py:149} INFO - [2023-05-23T22:58:43.386+0000] {dag.py:2726} INFO - Sync 1 DAGs
[2023-05-23T22:58:43.404+0000] {logging_mixin.py:149} INFO - [2023-05-23T22:58:43.404+0000] {dag.py:3490} INFO - Setting next_dagrun for ohcl_daily to 2023-05-23T00:00:00+00:00, run_after=2023-05-24T00:00:00+00:00
[2023-05-23T22:58:43.462+0000] {processor.py:179} INFO - Processing /opt/airflow/dags/ohcl_daily.py took 0.238 seconds
[2023-05-23T22:59:13.544+0000] {processor.py:157} INFO - Started process (PID=56) to work on /opt/airflow/dags/ohcl_daily.py
[2023-05-23T22:59:13.626+0000] {processor.py:826} INFO - Processing file /opt/airflow/dags/ohcl_daily.py for tasks to queue
[2023-05-23T22:59:13.627+0000] {logging_mixin.py:149} INFO - [2023-05-23T22:59:13.627+0000] {dagbag.py:541} INFO - Filling up the DagBag from /opt/airflow/dags/ohcl_daily.py
[2023-05-23T22:59:13.634+0000] {processor.py:836} INFO - DAG(s) dict_keys(['ohcl_daily']) retrieved from /opt/airflow/dags/ohcl_daily.py
[2023-05-23T22:59:13.653+0000] {logging_mixin.py:149} INFO - [2023-05-23T22:59:13.653+0000] {dag.py:2726} INFO - Sync 1 DAGs
[2023-05-23T22:59:13.673+0000] {logging_mixin.py:149} INFO - [2023-05-23T22:59:13.673+0000] {dag.py:3490} INFO - Setting next_dagrun for ohcl_daily to 2023-05-23T00:00:00+00:00, run_after=2023-05-24T00:00:00+00:00
[2023-05-23T22:59:13.768+0000] {processor.py:179} INFO - Processing /opt/airflow/dags/ohcl_daily.py took 0.226 seconds
[2023-05-23T22:59:43.869+0000] {processor.py:157} INFO - Started process (PID=64) to work on /opt/airflow/dags/ohcl_daily.py
[2023-05-23T22:59:44.066+0000] {processor.py:826} INFO - Processing file /opt/airflow/dags/ohcl_daily.py for tasks to queue
[2023-05-23T22:59:44.067+0000] {logging_mixin.py:149} INFO - [2023-05-23T22:59:44.067+0000] {dagbag.py:541} INFO - Filling up the DagBag from /opt/airflow/dags/ohcl_daily.py
[2023-05-23T22:59:44.268+0000] {processor.py:836} INFO - DAG(s) dict_keys(['ohcl_daily']) retrieved from /opt/airflow/dags/ohcl_daily.py
[2023-05-23T22:59:44.526+0000] {logging_mixin.py:149} INFO - [2023-05-23T22:59:44.526+0000] {dag.py:2726} INFO - Sync 1 DAGs
[2023-05-23T22:59:44.551+0000] {logging_mixin.py:149} INFO - [2023-05-23T22:59:44.551+0000] {dag.py:3490} INFO - Setting next_dagrun for ohcl_daily to 2023-05-23T00:00:00+00:00, run_after=2023-05-24T00:00:00+00:00
[2023-05-23T22:59:44.687+0000] {processor.py:179} INFO - Processing /opt/airflow/dags/ohcl_daily.py took 0.820 seconds
[2023-05-23T23:00:14.776+0000] {processor.py:157} INFO - Started process (PID=72) to work on /opt/airflow/dags/ohcl_daily.py
[2023-05-23T23:00:14.777+0000] {processor.py:826} INFO - Processing file /opt/airflow/dags/ohcl_daily.py for tasks to queue
[2023-05-23T23:00:14.777+0000] {logging_mixin.py:149} INFO - [2023-05-23T23:00:14.777+0000] {dagbag.py:541} INFO - Filling up the DagBag from /opt/airflow/dags/ohcl_daily.py
[2023-05-23T23:00:14.785+0000] {processor.py:836} INFO - DAG(s) dict_keys(['ohcl_daily']) retrieved from /opt/airflow/dags/ohcl_daily.py
[2023-05-23T23:00:14.804+0000] {logging_mixin.py:149} INFO - [2023-05-23T23:00:14.804+0000] {dag.py:2726} INFO - Sync 1 DAGs
[2023-05-23T23:00:14.823+0000] {logging_mixin.py:149} INFO - [2023-05-23T23:00:14.822+0000] {dag.py:3490} INFO - Setting next_dagrun for ohcl_daily to 2023-05-23T00:00:00+00:00, run_after=2023-05-24T00:00:00+00:00
[2023-05-23T23:00:14.844+0000] {processor.py:179} INFO - Processing /opt/airflow/dags/ohcl_daily.py took 0.069 seconds
[2023-05-23T23:00:44.881+0000] {processor.py:157} INFO - Started process (PID=80) to work on /opt/airflow/dags/ohcl_daily.py
[2023-05-23T23:00:44.886+0000] {processor.py:826} INFO - Processing file /opt/airflow/dags/ohcl_daily.py for tasks to queue
[2023-05-23T23:00:44.887+0000] {logging_mixin.py:149} INFO - [2023-05-23T23:00:44.887+0000] {dagbag.py:541} INFO - Filling up the DagBag from /opt/airflow/dags/ohcl_daily.py
[2023-05-23T23:00:44.894+0000] {processor.py:836} INFO - DAG(s) dict_keys(['ohcl_daily']) retrieved from /opt/airflow/dags/ohcl_daily.py
[2023-05-23T23:00:44.914+0000] {logging_mixin.py:149} INFO - [2023-05-23T23:00:44.914+0000] {dag.py:2726} INFO - Sync 1 DAGs
[2023-05-23T23:00:44.933+0000] {logging_mixin.py:149} INFO - [2023-05-23T23:00:44.933+0000] {dag.py:3490} INFO - Setting next_dagrun for ohcl_daily to 2023-05-23T00:00:00+00:00, run_after=2023-05-24T00:00:00+00:00
[2023-05-23T23:00:44.950+0000] {processor.py:179} INFO - Processing /opt/airflow/dags/ohcl_daily.py took 0.071 seconds
[2023-05-23T23:01:15.020+0000] {processor.py:157} INFO - Started process (PID=87) to work on /opt/airflow/dags/ohcl_daily.py
[2023-05-23T23:01:15.021+0000] {processor.py:826} INFO - Processing file /opt/airflow/dags/ohcl_daily.py for tasks to queue
[2023-05-23T23:01:15.021+0000] {logging_mixin.py:149} INFO - [2023-05-23T23:01:15.021+0000] {dagbag.py:541} INFO - Filling up the DagBag from /opt/airflow/dags/ohcl_daily.py
[2023-05-23T23:01:15.029+0000] {processor.py:836} INFO - DAG(s) dict_keys(['ohcl_daily']) retrieved from /opt/airflow/dags/ohcl_daily.py
[2023-05-23T23:01:15.050+0000] {logging_mixin.py:149} INFO - [2023-05-23T23:01:15.049+0000] {dag.py:2726} INFO - Sync 1 DAGs
[2023-05-23T23:01:15.069+0000] {logging_mixin.py:149} INFO - [2023-05-23T23:01:15.069+0000] {dag.py:3490} INFO - Setting next_dagrun for ohcl_daily to 2023-05-23T00:00:00+00:00, run_after=2023-05-24T00:00:00+00:00
[2023-05-23T23:01:15.095+0000] {processor.py:179} INFO - Processing /opt/airflow/dags/ohcl_daily.py took 0.077 seconds
[2023-05-23T23:01:45.126+0000] {processor.py:157} INFO - Started process (PID=99) to work on /opt/airflow/dags/ohcl_daily.py
[2023-05-23T23:01:45.129+0000] {processor.py:826} INFO - Processing file /opt/airflow/dags/ohcl_daily.py for tasks to queue
[2023-05-23T23:01:45.129+0000] {logging_mixin.py:149} INFO - [2023-05-23T23:01:45.129+0000] {dagbag.py:541} INFO - Filling up the DagBag from /opt/airflow/dags/ohcl_daily.py
[2023-05-23T23:01:45.136+0000] {processor.py:836} INFO - DAG(s) dict_keys(['ohcl_daily']) retrieved from /opt/airflow/dags/ohcl_daily.py
[2023-05-23T23:01:45.158+0000] {logging_mixin.py:149} INFO - [2023-05-23T23:01:45.157+0000] {dag.py:2726} INFO - Sync 1 DAGs
[2023-05-23T23:01:45.179+0000] {logging_mixin.py:149} INFO - [2023-05-23T23:01:45.178+0000] {dag.py:3490} INFO - Setting next_dagrun for ohcl_daily to 2023-05-23T00:00:00+00:00, run_after=2023-05-24T00:00:00+00:00
[2023-05-23T23:01:45.203+0000] {processor.py:179} INFO - Processing /opt/airflow/dags/ohcl_daily.py took 0.078 seconds
[2023-05-23T23:02:15.275+0000] {processor.py:157} INFO - Started process (PID=106) to work on /opt/airflow/dags/ohcl_daily.py
[2023-05-23T23:02:15.276+0000] {processor.py:826} INFO - Processing file /opt/airflow/dags/ohcl_daily.py for tasks to queue
[2023-05-23T23:02:15.276+0000] {logging_mixin.py:149} INFO - [2023-05-23T23:02:15.276+0000] {dagbag.py:541} INFO - Filling up the DagBag from /opt/airflow/dags/ohcl_daily.py
[2023-05-23T23:02:15.283+0000] {processor.py:836} INFO - DAG(s) dict_keys(['ohcl_daily']) retrieved from /opt/airflow/dags/ohcl_daily.py
[2023-05-23T23:02:15.304+0000] {logging_mixin.py:149} INFO - [2023-05-23T23:02:15.304+0000] {dag.py:2726} INFO - Sync 1 DAGs
[2023-05-23T23:02:15.325+0000] {logging_mixin.py:149} INFO - [2023-05-23T23:02:15.325+0000] {dag.py:3490} INFO - Setting next_dagrun for ohcl_daily to 2023-05-23T00:00:00+00:00, run_after=2023-05-24T00:00:00+00:00
[2023-05-23T23:02:15.342+0000] {processor.py:179} INFO - Processing /opt/airflow/dags/ohcl_daily.py took 0.069 seconds
[2023-05-23T23:02:45.387+0000] {processor.py:157} INFO - Started process (PID=114) to work on /opt/airflow/dags/ohcl_daily.py
[2023-05-23T23:02:45.388+0000] {processor.py:826} INFO - Processing file /opt/airflow/dags/ohcl_daily.py for tasks to queue
[2023-05-23T23:02:45.388+0000] {logging_mixin.py:149} INFO - [2023-05-23T23:02:45.388+0000] {dagbag.py:541} INFO - Filling up the DagBag from /opt/airflow/dags/ohcl_daily.py
[2023-05-23T23:02:45.395+0000] {processor.py:836} INFO - DAG(s) dict_keys(['ohcl_daily']) retrieved from /opt/airflow/dags/ohcl_daily.py
[2023-05-23T23:02:45.415+0000] {logging_mixin.py:149} INFO - [2023-05-23T23:02:45.415+0000] {dag.py:2726} INFO - Sync 1 DAGs
[2023-05-23T23:02:45.434+0000] {logging_mixin.py:149} INFO - [2023-05-23T23:02:45.433+0000] {dag.py:3490} INFO - Setting next_dagrun for ohcl_daily to 2023-05-23T00:00:00+00:00, run_after=2023-05-24T00:00:00+00:00
[2023-05-23T23:02:45.457+0000] {processor.py:179} INFO - Processing /opt/airflow/dags/ohcl_daily.py took 0.072 seconds
[2023-05-23T23:03:15.527+0000] {processor.py:157} INFO - Started process (PID=122) to work on /opt/airflow/dags/ohcl_daily.py
[2023-05-23T23:03:15.530+0000] {processor.py:826} INFO - Processing file /opt/airflow/dags/ohcl_daily.py for tasks to queue
[2023-05-23T23:03:15.530+0000] {logging_mixin.py:149} INFO - [2023-05-23T23:03:15.530+0000] {dagbag.py:541} INFO - Filling up the DagBag from /opt/airflow/dags/ohcl_daily.py
[2023-05-23T23:03:15.538+0000] {processor.py:836} INFO - DAG(s) dict_keys(['ohcl_daily']) retrieved from /opt/airflow/dags/ohcl_daily.py
[2023-05-23T23:03:15.558+0000] {logging_mixin.py:149} INFO - [2023-05-23T23:03:15.558+0000] {dag.py:2726} INFO - Sync 1 DAGs
[2023-05-23T23:03:15.579+0000] {logging_mixin.py:149} INFO - [2023-05-23T23:03:15.578+0000] {dag.py:3490} INFO - Setting next_dagrun for ohcl_daily to 2023-05-23T00:00:00+00:00, run_after=2023-05-24T00:00:00+00:00
[2023-05-23T23:03:15.596+0000] {processor.py:179} INFO - Processing /opt/airflow/dags/ohcl_daily.py took 0.071 seconds
[2023-05-23T23:03:45.689+0000] {processor.py:157} INFO - Started process (PID=130) to work on /opt/airflow/dags/ohcl_daily.py
[2023-05-23T23:03:45.691+0000] {processor.py:826} INFO - Processing file /opt/airflow/dags/ohcl_daily.py for tasks to queue
[2023-05-23T23:03:45.692+0000] {logging_mixin.py:149} INFO - [2023-05-23T23:03:45.692+0000] {dagbag.py:541} INFO - Filling up the DagBag from /opt/airflow/dags/ohcl_daily.py
[2023-05-23T23:03:45.705+0000] {processor.py:836} INFO - DAG(s) dict_keys(['ohcl_daily']) retrieved from /opt/airflow/dags/ohcl_daily.py
[2023-05-23T23:03:45.745+0000] {logging_mixin.py:149} INFO - [2023-05-23T23:03:45.744+0000] {dag.py:2726} INFO - Sync 1 DAGs
[2023-05-23T23:03:45.787+0000] {logging_mixin.py:149} INFO - [2023-05-23T23:03:45.787+0000] {dag.py:3490} INFO - Setting next_dagrun for ohcl_daily to 2023-05-23T00:00:00+00:00, run_after=2023-05-24T00:00:00+00:00
[2023-05-23T23:03:45.815+0000] {processor.py:179} INFO - Processing /opt/airflow/dags/ohcl_daily.py took 0.129 seconds
[2023-05-23T23:04:15.937+0000] {processor.py:157} INFO - Started process (PID=138) to work on /opt/airflow/dags/ohcl_daily.py
[2023-05-23T23:04:15.941+0000] {processor.py:826} INFO - Processing file /opt/airflow/dags/ohcl_daily.py for tasks to queue
[2023-05-23T23:04:15.942+0000] {logging_mixin.py:149} INFO - [2023-05-23T23:04:15.942+0000] {dagbag.py:541} INFO - Filling up the DagBag from /opt/airflow/dags/ohcl_daily.py
[2023-05-23T23:04:15.960+0000] {processor.py:836} INFO - DAG(s) dict_keys(['ohcl_daily']) retrieved from /opt/airflow/dags/ohcl_daily.py
[2023-05-23T23:04:15.999+0000] {logging_mixin.py:149} INFO - [2023-05-23T23:04:15.999+0000] {dag.py:2726} INFO - Sync 1 DAGs
[2023-05-23T23:04:16.031+0000] {logging_mixin.py:149} INFO - [2023-05-23T23:04:16.031+0000] {dag.py:3490} INFO - Setting next_dagrun for ohcl_daily to 2023-05-23T00:00:00+00:00, run_after=2023-05-24T00:00:00+00:00
[2023-05-23T23:04:16.059+0000] {processor.py:179} INFO - Processing /opt/airflow/dags/ohcl_daily.py took 0.125 seconds
[2023-05-23T23:04:46.202+0000] {processor.py:157} INFO - Started process (PID=145) to work on /opt/airflow/dags/ohcl_daily.py
[2023-05-23T23:04:46.209+0000] {processor.py:826} INFO - Processing file /opt/airflow/dags/ohcl_daily.py for tasks to queue
[2023-05-23T23:04:46.211+0000] {logging_mixin.py:149} INFO - [2023-05-23T23:04:46.211+0000] {dagbag.py:541} INFO - Filling up the DagBag from /opt/airflow/dags/ohcl_daily.py
[2023-05-23T23:04:46.224+0000] {processor.py:836} INFO - DAG(s) dict_keys(['ohcl_daily']) retrieved from /opt/airflow/dags/ohcl_daily.py
[2023-05-23T23:04:46.264+0000] {logging_mixin.py:149} INFO - [2023-05-23T23:04:46.264+0000] {dag.py:2726} INFO - Sync 1 DAGs
[2023-05-23T23:04:46.298+0000] {logging_mixin.py:149} INFO - [2023-05-23T23:04:46.297+0000] {dag.py:3490} INFO - Setting next_dagrun for ohcl_daily to 2023-05-23T00:00:00+00:00, run_after=2023-05-24T00:00:00+00:00
[2023-05-23T23:04:46.322+0000] {processor.py:179} INFO - Processing /opt/airflow/dags/ohcl_daily.py took 0.128 seconds
[2023-05-23T23:05:16.463+0000] {processor.py:157} INFO - Started process (PID=153) to work on /opt/airflow/dags/ohcl_daily.py
[2023-05-23T23:05:16.467+0000] {processor.py:826} INFO - Processing file /opt/airflow/dags/ohcl_daily.py for tasks to queue
[2023-05-23T23:05:16.467+0000] {logging_mixin.py:149} INFO - [2023-05-23T23:05:16.467+0000] {dagbag.py:541} INFO - Filling up the DagBag from /opt/airflow/dags/ohcl_daily.py
[2023-05-23T23:05:16.476+0000] {processor.py:836} INFO - DAG(s) dict_keys(['ohcl_daily']) retrieved from /opt/airflow/dags/ohcl_daily.py
[2023-05-23T23:05:16.516+0000] {logging_mixin.py:149} INFO - [2023-05-23T23:05:16.516+0000] {dag.py:2726} INFO - Sync 1 DAGs
[2023-05-23T23:05:16.560+0000] {logging_mixin.py:149} INFO - [2023-05-23T23:05:16.560+0000] {dag.py:3490} INFO - Setting next_dagrun for ohcl_daily to 2023-05-23T00:00:00+00:00, run_after=2023-05-24T00:00:00+00:00
[2023-05-23T23:05:16.597+0000] {processor.py:179} INFO - Processing /opt/airflow/dags/ohcl_daily.py took 0.138 seconds
[2023-05-23T23:05:46.695+0000] {processor.py:157} INFO - Started process (PID=161) to work on /opt/airflow/dags/ohcl_daily.py
[2023-05-23T23:05:46.698+0000] {processor.py:826} INFO - Processing file /opt/airflow/dags/ohcl_daily.py for tasks to queue
[2023-05-23T23:05:46.700+0000] {logging_mixin.py:149} INFO - [2023-05-23T23:05:46.700+0000] {dagbag.py:541} INFO - Filling up the DagBag from /opt/airflow/dags/ohcl_daily.py
[2023-05-23T23:05:46.714+0000] {processor.py:836} INFO - DAG(s) dict_keys(['ohcl_daily']) retrieved from /opt/airflow/dags/ohcl_daily.py
[2023-05-23T23:05:46.750+0000] {logging_mixin.py:149} INFO - [2023-05-23T23:05:46.750+0000] {dag.py:2726} INFO - Sync 1 DAGs
[2023-05-23T23:05:46.800+0000] {logging_mixin.py:149} INFO - [2023-05-23T23:05:46.800+0000] {dag.py:3490} INFO - Setting next_dagrun for ohcl_daily to 2023-05-23T00:00:00+00:00, run_after=2023-05-24T00:00:00+00:00
[2023-05-23T23:05:46.827+0000] {processor.py:179} INFO - Processing /opt/airflow/dags/ohcl_daily.py took 0.138 seconds
[2023-05-23T23:06:17.003+0000] {processor.py:157} INFO - Started process (PID=169) to work on /opt/airflow/dags/ohcl_daily.py
[2023-05-23T23:06:17.005+0000] {processor.py:826} INFO - Processing file /opt/airflow/dags/ohcl_daily.py for tasks to queue
[2023-05-23T23:06:17.006+0000] {logging_mixin.py:149} INFO - [2023-05-23T23:06:17.006+0000] {dagbag.py:541} INFO - Filling up the DagBag from /opt/airflow/dags/ohcl_daily.py
[2023-05-23T23:06:17.019+0000] {processor.py:836} INFO - DAG(s) dict_keys(['ohcl_daily']) retrieved from /opt/airflow/dags/ohcl_daily.py
[2023-05-23T23:06:17.054+0000] {logging_mixin.py:149} INFO - [2023-05-23T23:06:17.054+0000] {dag.py:2726} INFO - Sync 1 DAGs
[2023-05-23T23:06:17.080+0000] {logging_mixin.py:149} INFO - [2023-05-23T23:06:17.080+0000] {dag.py:3490} INFO - Setting next_dagrun for ohcl_daily to 2023-05-23T00:00:00+00:00, run_after=2023-05-24T00:00:00+00:00
[2023-05-23T23:06:17.103+0000] {processor.py:179} INFO - Processing /opt/airflow/dags/ohcl_daily.py took 0.102 seconds
[2023-05-23T23:06:47.219+0000] {processor.py:157} INFO - Started process (PID=176) to work on /opt/airflow/dags/ohcl_daily.py
[2023-05-23T23:06:47.222+0000] {processor.py:826} INFO - Processing file /opt/airflow/dags/ohcl_daily.py for tasks to queue
[2023-05-23T23:06:47.223+0000] {logging_mixin.py:149} INFO - [2023-05-23T23:06:47.223+0000] {dagbag.py:541} INFO - Filling up the DagBag from /opt/airflow/dags/ohcl_daily.py
[2023-05-23T23:06:47.241+0000] {processor.py:836} INFO - DAG(s) dict_keys(['ohcl_daily']) retrieved from /opt/airflow/dags/ohcl_daily.py
[2023-05-23T23:06:47.280+0000] {logging_mixin.py:149} INFO - [2023-05-23T23:06:47.280+0000] {dag.py:2726} INFO - Sync 1 DAGs
[2023-05-23T23:06:47.317+0000] {logging_mixin.py:149} INFO - [2023-05-23T23:06:47.317+0000] {dag.py:3490} INFO - Setting next_dagrun for ohcl_daily to 2023-05-23T00:00:00+00:00, run_after=2023-05-24T00:00:00+00:00
[2023-05-23T23:06:47.349+0000] {processor.py:179} INFO - Processing /opt/airflow/dags/ohcl_daily.py took 0.135 seconds
[2023-05-23T23:07:17.518+0000] {processor.py:157} INFO - Started process (PID=183) to work on /opt/airflow/dags/ohcl_daily.py
[2023-05-23T23:07:17.521+0000] {processor.py:826} INFO - Processing file /opt/airflow/dags/ohcl_daily.py for tasks to queue
[2023-05-23T23:07:17.521+0000] {logging_mixin.py:149} INFO - [2023-05-23T23:07:17.521+0000] {dagbag.py:541} INFO - Filling up the DagBag from /opt/airflow/dags/ohcl_daily.py
[2023-05-23T23:07:17.532+0000] {processor.py:836} INFO - DAG(s) dict_keys(['ohcl_daily']) retrieved from /opt/airflow/dags/ohcl_daily.py
[2023-05-23T23:07:17.584+0000] {logging_mixin.py:149} INFO - [2023-05-23T23:07:17.584+0000] {dag.py:2726} INFO - Sync 1 DAGs
[2023-05-23T23:07:17.642+0000] {logging_mixin.py:149} INFO - [2023-05-23T23:07:17.641+0000] {dag.py:3490} INFO - Setting next_dagrun for ohcl_daily to 2023-05-23T00:00:00+00:00, run_after=2023-05-24T00:00:00+00:00
[2023-05-23T23:07:17.694+0000] {processor.py:179} INFO - Processing /opt/airflow/dags/ohcl_daily.py took 0.180 seconds
[2023-05-23T23:07:47.729+0000] {processor.py:157} INFO - Started process (PID=191) to work on /opt/airflow/dags/ohcl_daily.py
[2023-05-23T23:07:47.730+0000] {processor.py:826} INFO - Processing file /opt/airflow/dags/ohcl_daily.py for tasks to queue
[2023-05-23T23:07:47.730+0000] {logging_mixin.py:149} INFO - [2023-05-23T23:07:47.730+0000] {dagbag.py:541} INFO - Filling up the DagBag from /opt/airflow/dags/ohcl_daily.py
[2023-05-23T23:07:47.741+0000] {processor.py:836} INFO - DAG(s) dict_keys(['ohcl_daily']) retrieved from /opt/airflow/dags/ohcl_daily.py
[2023-05-23T23:07:47.807+0000] {logging_mixin.py:149} INFO - [2023-05-23T23:07:47.807+0000] {dag.py:2726} INFO - Sync 1 DAGs
[2023-05-23T23:07:47.839+0000] {logging_mixin.py:149} INFO - [2023-05-23T23:07:47.839+0000] {dag.py:3490} INFO - Setting next_dagrun for ohcl_daily to 2023-05-23T00:00:00+00:00, run_after=2023-05-24T00:00:00+00:00
[2023-05-23T23:07:47.857+0000] {processor.py:179} INFO - Processing /opt/airflow/dags/ohcl_daily.py took 0.130 seconds
[2023-05-23T23:08:17.913+0000] {processor.py:157} INFO - Started process (PID=199) to work on /opt/airflow/dags/ohcl_daily.py
[2023-05-23T23:08:17.915+0000] {processor.py:826} INFO - Processing file /opt/airflow/dags/ohcl_daily.py for tasks to queue
[2023-05-23T23:08:17.916+0000] {logging_mixin.py:149} INFO - [2023-05-23T23:08:17.916+0000] {dagbag.py:541} INFO - Filling up the DagBag from /opt/airflow/dags/ohcl_daily.py
[2023-05-23T23:08:17.924+0000] {processor.py:836} INFO - DAG(s) dict_keys(['ohcl_daily']) retrieved from /opt/airflow/dags/ohcl_daily.py
[2023-05-23T23:08:17.950+0000] {logging_mixin.py:149} INFO - [2023-05-23T23:08:17.950+0000] {dag.py:2726} INFO - Sync 1 DAGs
[2023-05-23T23:08:17.995+0000] {logging_mixin.py:149} INFO - [2023-05-23T23:08:17.994+0000] {dag.py:3490} INFO - Setting next_dagrun for ohcl_daily to 2023-05-23T00:00:00+00:00, run_after=2023-05-24T00:00:00+00:00
[2023-05-23T23:08:18.045+0000] {processor.py:179} INFO - Processing /opt/airflow/dags/ohcl_daily.py took 0.134 seconds
[2023-05-23T23:08:48.209+0000] {processor.py:157} INFO - Started process (PID=207) to work on /opt/airflow/dags/ohcl_daily.py
[2023-05-23T23:08:48.212+0000] {processor.py:826} INFO - Processing file /opt/airflow/dags/ohcl_daily.py for tasks to queue
[2023-05-23T23:08:48.212+0000] {logging_mixin.py:149} INFO - [2023-05-23T23:08:48.212+0000] {dagbag.py:541} INFO - Filling up the DagBag from /opt/airflow/dags/ohcl_daily.py
[2023-05-23T23:08:48.230+0000] {processor.py:836} INFO - DAG(s) dict_keys(['ohcl_daily']) retrieved from /opt/airflow/dags/ohcl_daily.py
[2023-05-23T23:08:48.256+0000] {logging_mixin.py:149} INFO - [2023-05-23T23:08:48.256+0000] {dag.py:2726} INFO - Sync 1 DAGs
[2023-05-23T23:08:48.283+0000] {logging_mixin.py:149} INFO - [2023-05-23T23:08:48.283+0000] {dag.py:3490} INFO - Setting next_dagrun for ohcl_daily to 2023-05-23T00:00:00+00:00, run_after=2023-05-24T00:00:00+00:00
[2023-05-23T23:08:48.305+0000] {processor.py:179} INFO - Processing /opt/airflow/dags/ohcl_daily.py took 0.100 seconds
[2023-05-23T23:09:18.452+0000] {processor.py:157} INFO - Started process (PID=215) to work on /opt/airflow/dags/ohcl_daily.py
[2023-05-23T23:09:18.456+0000] {processor.py:826} INFO - Processing file /opt/airflow/dags/ohcl_daily.py for tasks to queue
[2023-05-23T23:09:18.457+0000] {logging_mixin.py:149} INFO - [2023-05-23T23:09:18.457+0000] {dagbag.py:541} INFO - Filling up the DagBag from /opt/airflow/dags/ohcl_daily.py
[2023-05-23T23:09:18.478+0000] {processor.py:836} INFO - DAG(s) dict_keys(['ohcl_daily']) retrieved from /opt/airflow/dags/ohcl_daily.py
[2023-05-23T23:09:18.517+0000] {logging_mixin.py:149} INFO - [2023-05-23T23:09:18.516+0000] {dag.py:2726} INFO - Sync 1 DAGs
[2023-05-23T23:09:18.553+0000] {logging_mixin.py:149} INFO - [2023-05-23T23:09:18.552+0000] {dag.py:3490} INFO - Setting next_dagrun for ohcl_daily to 2023-05-23T00:00:00+00:00, run_after=2023-05-24T00:00:00+00:00
[2023-05-23T23:09:18.591+0000] {processor.py:179} INFO - Processing /opt/airflow/dags/ohcl_daily.py took 0.145 seconds
[2023-05-23T23:09:48.710+0000] {processor.py:157} INFO - Started process (PID=223) to work on /opt/airflow/dags/ohcl_daily.py
[2023-05-23T23:09:48.713+0000] {processor.py:826} INFO - Processing file /opt/airflow/dags/ohcl_daily.py for tasks to queue
[2023-05-23T23:09:48.713+0000] {logging_mixin.py:149} INFO - [2023-05-23T23:09:48.713+0000] {dagbag.py:541} INFO - Filling up the DagBag from /opt/airflow/dags/ohcl_daily.py
[2023-05-23T23:09:48.728+0000] {processor.py:836} INFO - DAG(s) dict_keys(['ohcl_daily']) retrieved from /opt/airflow/dags/ohcl_daily.py
[2023-05-23T23:09:48.772+0000] {logging_mixin.py:149} INFO - [2023-05-23T23:09:48.772+0000] {dag.py:2726} INFO - Sync 1 DAGs
[2023-05-23T23:09:48.808+0000] {logging_mixin.py:149} INFO - [2023-05-23T23:09:48.808+0000] {dag.py:3490} INFO - Setting next_dagrun for ohcl_daily to 2023-05-23T00:00:00+00:00, run_after=2023-05-24T00:00:00+00:00
[2023-05-23T23:09:48.842+0000] {processor.py:179} INFO - Processing /opt/airflow/dags/ohcl_daily.py took 0.136 seconds
[2023-05-23T23:10:19.003+0000] {processor.py:157} INFO - Started process (PID=231) to work on /opt/airflow/dags/ohcl_daily.py
[2023-05-23T23:10:19.004+0000] {processor.py:826} INFO - Processing file /opt/airflow/dags/ohcl_daily.py for tasks to queue
[2023-05-23T23:10:19.004+0000] {logging_mixin.py:149} INFO - [2023-05-23T23:10:19.004+0000] {dagbag.py:541} INFO - Filling up the DagBag from /opt/airflow/dags/ohcl_daily.py
[2023-05-23T23:10:19.022+0000] {processor.py:836} INFO - DAG(s) dict_keys(['ohcl_daily']) retrieved from /opt/airflow/dags/ohcl_daily.py
[2023-05-23T23:10:19.057+0000] {logging_mixin.py:149} INFO - [2023-05-23T23:10:19.056+0000] {dag.py:2726} INFO - Sync 1 DAGs
[2023-05-23T23:10:19.096+0000] {logging_mixin.py:149} INFO - [2023-05-23T23:10:19.095+0000] {dag.py:3490} INFO - Setting next_dagrun for ohcl_daily to 2023-05-23T00:00:00+00:00, run_after=2023-05-24T00:00:00+00:00
[2023-05-23T23:10:19.122+0000] {processor.py:179} INFO - Processing /opt/airflow/dags/ohcl_daily.py took 0.125 seconds
[2023-05-23T23:10:49.236+0000] {processor.py:157} INFO - Started process (PID=239) to work on /opt/airflow/dags/ohcl_daily.py
[2023-05-23T23:10:49.240+0000] {processor.py:826} INFO - Processing file /opt/airflow/dags/ohcl_daily.py for tasks to queue
[2023-05-23T23:10:49.241+0000] {logging_mixin.py:149} INFO - [2023-05-23T23:10:49.241+0000] {dagbag.py:541} INFO - Filling up the DagBag from /opt/airflow/dags/ohcl_daily.py
[2023-05-23T23:10:49.255+0000] {processor.py:836} INFO - DAG(s) dict_keys(['ohcl_daily']) retrieved from /opt/airflow/dags/ohcl_daily.py
[2023-05-23T23:10:49.303+0000] {logging_mixin.py:149} INFO - [2023-05-23T23:10:49.303+0000] {dag.py:2726} INFO - Sync 1 DAGs
[2023-05-23T23:10:49.342+0000] {logging_mixin.py:149} INFO - [2023-05-23T23:10:49.342+0000] {dag.py:3490} INFO - Setting next_dagrun for ohcl_daily to 2023-05-23T00:00:00+00:00, run_after=2023-05-24T00:00:00+00:00
[2023-05-23T23:10:49.366+0000] {processor.py:179} INFO - Processing /opt/airflow/dags/ohcl_daily.py took 0.136 seconds
[2023-05-23T23:11:19.529+0000] {processor.py:157} INFO - Started process (PID=247) to work on /opt/airflow/dags/ohcl_daily.py
[2023-05-23T23:11:19.532+0000] {processor.py:826} INFO - Processing file /opt/airflow/dags/ohcl_daily.py for tasks to queue
[2023-05-23T23:11:19.532+0000] {logging_mixin.py:149} INFO - [2023-05-23T23:11:19.532+0000] {dagbag.py:541} INFO - Filling up the DagBag from /opt/airflow/dags/ohcl_daily.py
[2023-05-23T23:11:19.545+0000] {processor.py:836} INFO - DAG(s) dict_keys(['ohcl_daily']) retrieved from /opt/airflow/dags/ohcl_daily.py
[2023-05-23T23:11:19.583+0000] {logging_mixin.py:149} INFO - [2023-05-23T23:11:19.583+0000] {dag.py:2726} INFO - Sync 1 DAGs
[2023-05-23T23:11:19.609+0000] {logging_mixin.py:149} INFO - [2023-05-23T23:11:19.609+0000] {dag.py:3490} INFO - Setting next_dagrun for ohcl_daily to 2023-05-23T00:00:00+00:00, run_after=2023-05-24T00:00:00+00:00
[2023-05-23T23:11:19.627+0000] {processor.py:179} INFO - Processing /opt/airflow/dags/ohcl_daily.py took 0.102 seconds
[2023-05-23T23:11:49.778+0000] {processor.py:157} INFO - Started process (PID=255) to work on /opt/airflow/dags/ohcl_daily.py
[2023-05-23T23:11:49.781+0000] {processor.py:826} INFO - Processing file /opt/airflow/dags/ohcl_daily.py for tasks to queue
[2023-05-23T23:11:49.781+0000] {logging_mixin.py:149} INFO - [2023-05-23T23:11:49.781+0000] {dagbag.py:541} INFO - Filling up the DagBag from /opt/airflow/dags/ohcl_daily.py
[2023-05-23T23:11:49.793+0000] {processor.py:836} INFO - DAG(s) dict_keys(['ohcl_daily']) retrieved from /opt/airflow/dags/ohcl_daily.py
[2023-05-23T23:11:49.838+0000] {logging_mixin.py:149} INFO - [2023-05-23T23:11:49.838+0000] {dag.py:2726} INFO - Sync 1 DAGs
[2023-05-23T23:11:49.866+0000] {logging_mixin.py:149} INFO - [2023-05-23T23:11:49.866+0000] {dag.py:3490} INFO - Setting next_dagrun for ohcl_daily to 2023-05-23T00:00:00+00:00, run_after=2023-05-24T00:00:00+00:00
[2023-05-23T23:11:49.885+0000] {processor.py:179} INFO - Processing /opt/airflow/dags/ohcl_daily.py took 0.114 seconds
[2023-05-23T23:12:20.077+0000] {processor.py:157} INFO - Started process (PID=263) to work on /opt/airflow/dags/ohcl_daily.py
[2023-05-23T23:12:20.080+0000] {processor.py:826} INFO - Processing file /opt/airflow/dags/ohcl_daily.py for tasks to queue
[2023-05-23T23:12:20.081+0000] {logging_mixin.py:149} INFO - [2023-05-23T23:12:20.081+0000] {dagbag.py:541} INFO - Filling up the DagBag from /opt/airflow/dags/ohcl_daily.py
[2023-05-23T23:12:20.099+0000] {processor.py:836} INFO - DAG(s) dict_keys(['ohcl_daily']) retrieved from /opt/airflow/dags/ohcl_daily.py
[2023-05-23T23:12:20.142+0000] {logging_mixin.py:149} INFO - [2023-05-23T23:12:20.142+0000] {dag.py:2726} INFO - Sync 1 DAGs
[2023-05-23T23:12:20.184+0000] {logging_mixin.py:149} INFO - [2023-05-23T23:12:20.184+0000] {dag.py:3490} INFO - Setting next_dagrun for ohcl_daily to 2023-05-23T00:00:00+00:00, run_after=2023-05-24T00:00:00+00:00
[2023-05-23T23:12:20.212+0000] {processor.py:179} INFO - Processing /opt/airflow/dags/ohcl_daily.py took 0.137 seconds
[2023-05-23T23:12:50.317+0000] {processor.py:157} INFO - Started process (PID=271) to work on /opt/airflow/dags/ohcl_daily.py
[2023-05-23T23:12:50.320+0000] {processor.py:826} INFO - Processing file /opt/airflow/dags/ohcl_daily.py for tasks to queue
[2023-05-23T23:12:50.320+0000] {logging_mixin.py:149} INFO - [2023-05-23T23:12:50.320+0000] {dagbag.py:541} INFO - Filling up the DagBag from /opt/airflow/dags/ohcl_daily.py
[2023-05-23T23:12:50.329+0000] {processor.py:836} INFO - DAG(s) dict_keys(['ohcl_daily']) retrieved from /opt/airflow/dags/ohcl_daily.py
[2023-05-23T23:12:50.355+0000] {logging_mixin.py:149} INFO - [2023-05-23T23:12:50.354+0000] {dag.py:2726} INFO - Sync 1 DAGs
[2023-05-23T23:12:50.399+0000] {logging_mixin.py:149} INFO - [2023-05-23T23:12:50.398+0000] {dag.py:3490} INFO - Setting next_dagrun for ohcl_daily to 2023-05-23T00:00:00+00:00, run_after=2023-05-24T00:00:00+00:00
[2023-05-23T23:12:50.446+0000] {processor.py:179} INFO - Processing /opt/airflow/dags/ohcl_daily.py took 0.131 seconds
[2023-05-23T23:13:20.604+0000] {processor.py:157} INFO - Started process (PID=279) to work on /opt/airflow/dags/ohcl_daily.py
[2023-05-23T23:13:20.607+0000] {processor.py:826} INFO - Processing file /opt/airflow/dags/ohcl_daily.py for tasks to queue
[2023-05-23T23:13:20.608+0000] {logging_mixin.py:149} INFO - [2023-05-23T23:13:20.608+0000] {dagbag.py:541} INFO - Filling up the DagBag from /opt/airflow/dags/ohcl_daily.py
[2023-05-23T23:13:20.620+0000] {processor.py:836} INFO - DAG(s) dict_keys(['ohcl_daily']) retrieved from /opt/airflow/dags/ohcl_daily.py
[2023-05-23T23:13:20.668+0000] {logging_mixin.py:149} INFO - [2023-05-23T23:13:20.668+0000] {dag.py:2726} INFO - Sync 1 DAGs
[2023-05-23T23:13:20.700+0000] {logging_mixin.py:149} INFO - [2023-05-23T23:13:20.699+0000] {dag.py:3490} INFO - Setting next_dagrun for ohcl_daily to 2023-05-23T00:00:00+00:00, run_after=2023-05-24T00:00:00+00:00
[2023-05-23T23:13:20.738+0000] {processor.py:179} INFO - Processing /opt/airflow/dags/ohcl_daily.py took 0.137 seconds
[2023-05-23T23:13:50.871+0000] {processor.py:157} INFO - Started process (PID=286) to work on /opt/airflow/dags/ohcl_daily.py
[2023-05-23T23:13:50.875+0000] {processor.py:826} INFO - Processing file /opt/airflow/dags/ohcl_daily.py for tasks to queue
[2023-05-23T23:13:50.876+0000] {logging_mixin.py:149} INFO - [2023-05-23T23:13:50.876+0000] {dagbag.py:541} INFO - Filling up the DagBag from /opt/airflow/dags/ohcl_daily.py
[2023-05-23T23:13:50.889+0000] {processor.py:836} INFO - DAG(s) dict_keys(['ohcl_daily']) retrieved from /opt/airflow/dags/ohcl_daily.py
[2023-05-23T23:13:50.935+0000] {logging_mixin.py:149} INFO - [2023-05-23T23:13:50.934+0000] {dag.py:2726} INFO - Sync 1 DAGs
[2023-05-23T23:13:50.971+0000] {logging_mixin.py:149} INFO - [2023-05-23T23:13:50.971+0000] {dag.py:3490} INFO - Setting next_dagrun for ohcl_daily to 2023-05-23T00:00:00+00:00, run_after=2023-05-24T00:00:00+00:00
[2023-05-23T23:13:51.012+0000] {processor.py:179} INFO - Processing /opt/airflow/dags/ohcl_daily.py took 0.143 seconds
[2023-05-23T23:14:21.134+0000] {processor.py:157} INFO - Started process (PID=294) to work on /opt/airflow/dags/ohcl_daily.py
[2023-05-23T23:14:21.137+0000] {processor.py:826} INFO - Processing file /opt/airflow/dags/ohcl_daily.py for tasks to queue
[2023-05-23T23:14:21.140+0000] {logging_mixin.py:149} INFO - [2023-05-23T23:14:21.140+0000] {dagbag.py:541} INFO - Filling up the DagBag from /opt/airflow/dags/ohcl_daily.py
[2023-05-23T23:14:21.165+0000] {processor.py:836} INFO - DAG(s) dict_keys(['ohcl_daily']) retrieved from /opt/airflow/dags/ohcl_daily.py
[2023-05-23T23:14:21.222+0000] {logging_mixin.py:149} INFO - [2023-05-23T23:14:21.221+0000] {dag.py:2726} INFO - Sync 1 DAGs
[2023-05-23T23:14:21.268+0000] {logging_mixin.py:149} INFO - [2023-05-23T23:14:21.268+0000] {dag.py:3490} INFO - Setting next_dagrun for ohcl_daily to 2023-05-23T00:00:00+00:00, run_after=2023-05-24T00:00:00+00:00
[2023-05-23T23:14:21.301+0000] {processor.py:179} INFO - Processing /opt/airflow/dags/ohcl_daily.py took 0.169 seconds
[2023-05-23T23:14:51.429+0000] {processor.py:157} INFO - Started process (PID=302) to work on /opt/airflow/dags/ohcl_daily.py
[2023-05-23T23:14:51.433+0000] {processor.py:826} INFO - Processing file /opt/airflow/dags/ohcl_daily.py for tasks to queue
[2023-05-23T23:14:51.434+0000] {logging_mixin.py:149} INFO - [2023-05-23T23:14:51.433+0000] {dagbag.py:541} INFO - Filling up the DagBag from /opt/airflow/dags/ohcl_daily.py
[2023-05-23T23:14:51.446+0000] {processor.py:836} INFO - DAG(s) dict_keys(['ohcl_daily']) retrieved from /opt/airflow/dags/ohcl_daily.py
[2023-05-23T23:14:51.486+0000] {logging_mixin.py:149} INFO - [2023-05-23T23:14:51.486+0000] {dag.py:2726} INFO - Sync 1 DAGs
[2023-05-23T23:14:51.523+0000] {logging_mixin.py:149} INFO - [2023-05-23T23:14:51.523+0000] {dag.py:3490} INFO - Setting next_dagrun for ohcl_daily to 2023-05-23T00:00:00+00:00, run_after=2023-05-24T00:00:00+00:00
[2023-05-23T23:14:51.554+0000] {processor.py:179} INFO - Processing /opt/airflow/dags/ohcl_daily.py took 0.132 seconds
[2023-05-23T23:15:21.648+0000] {processor.py:157} INFO - Started process (PID=310) to work on /opt/airflow/dags/ohcl_daily.py
[2023-05-23T23:15:21.651+0000] {processor.py:826} INFO - Processing file /opt/airflow/dags/ohcl_daily.py for tasks to queue
[2023-05-23T23:15:21.651+0000] {logging_mixin.py:149} INFO - [2023-05-23T23:15:21.651+0000] {dagbag.py:541} INFO - Filling up the DagBag from /opt/airflow/dags/ohcl_daily.py
[2023-05-23T23:15:21.660+0000] {processor.py:836} INFO - DAG(s) dict_keys(['ohcl_daily']) retrieved from /opt/airflow/dags/ohcl_daily.py
[2023-05-23T23:15:21.700+0000] {logging_mixin.py:149} INFO - [2023-05-23T23:15:21.699+0000] {dag.py:2726} INFO - Sync 1 DAGs
[2023-05-23T23:15:21.757+0000] {logging_mixin.py:149} INFO - [2023-05-23T23:15:21.756+0000] {dag.py:3490} INFO - Setting next_dagrun for ohcl_daily to 2023-05-23T00:00:00+00:00, run_after=2023-05-24T00:00:00+00:00
[2023-05-23T23:15:21.809+0000] {processor.py:179} INFO - Processing /opt/airflow/dags/ohcl_daily.py took 0.163 seconds
[2023-05-23T23:15:51.912+0000] {processor.py:157} INFO - Started process (PID=318) to work on /opt/airflow/dags/ohcl_daily.py
[2023-05-23T23:15:51.915+0000] {processor.py:826} INFO - Processing file /opt/airflow/dags/ohcl_daily.py for tasks to queue
[2023-05-23T23:15:51.916+0000] {logging_mixin.py:149} INFO - [2023-05-23T23:15:51.916+0000] {dagbag.py:541} INFO - Filling up the DagBag from /opt/airflow/dags/ohcl_daily.py
[2023-05-23T23:15:51.932+0000] {processor.py:836} INFO - DAG(s) dict_keys(['ohcl_daily']) retrieved from /opt/airflow/dags/ohcl_daily.py
[2023-05-23T23:15:51.966+0000] {logging_mixin.py:149} INFO - [2023-05-23T23:15:51.966+0000] {dag.py:2726} INFO - Sync 1 DAGs
[2023-05-23T23:15:51.986+0000] {logging_mixin.py:149} INFO - [2023-05-23T23:15:51.986+0000] {dag.py:3490} INFO - Setting next_dagrun for ohcl_daily to 2023-05-23T00:00:00+00:00, run_after=2023-05-24T00:00:00+00:00
[2023-05-23T23:15:52.002+0000] {processor.py:179} INFO - Processing /opt/airflow/dags/ohcl_daily.py took 0.094 seconds
[2023-05-23T23:16:22.069+0000] {processor.py:157} INFO - Started process (PID=326) to work on /opt/airflow/dags/ohcl_daily.py
[2023-05-23T23:16:22.072+0000] {processor.py:826} INFO - Processing file /opt/airflow/dags/ohcl_daily.py for tasks to queue
[2023-05-23T23:16:22.072+0000] {logging_mixin.py:149} INFO - [2023-05-23T23:16:22.072+0000] {dagbag.py:541} INFO - Filling up the DagBag from /opt/airflow/dags/ohcl_daily.py
[2023-05-23T23:16:22.079+0000] {processor.py:836} INFO - DAG(s) dict_keys(['ohcl_daily']) retrieved from /opt/airflow/dags/ohcl_daily.py
[2023-05-23T23:16:22.098+0000] {logging_mixin.py:149} INFO - [2023-05-23T23:16:22.098+0000] {dag.py:2726} INFO - Sync 1 DAGs
[2023-05-23T23:16:22.117+0000] {logging_mixin.py:149} INFO - [2023-05-23T23:16:22.117+0000] {dag.py:3490} INFO - Setting next_dagrun for ohcl_daily to 2023-05-23T00:00:00+00:00, run_after=2023-05-24T00:00:00+00:00
[2023-05-23T23:16:22.136+0000] {processor.py:179} INFO - Processing /opt/airflow/dags/ohcl_daily.py took 0.069 seconds
[2023-05-23T23:16:52.263+0000] {processor.py:157} INFO - Started process (PID=334) to work on /opt/airflow/dags/ohcl_daily.py
[2023-05-23T23:16:52.266+0000] {processor.py:826} INFO - Processing file /opt/airflow/dags/ohcl_daily.py for tasks to queue
[2023-05-23T23:16:52.267+0000] {logging_mixin.py:149} INFO - [2023-05-23T23:16:52.267+0000] {dagbag.py:541} INFO - Filling up the DagBag from /opt/airflow/dags/ohcl_daily.py
[2023-05-23T23:16:52.282+0000] {processor.py:836} INFO - DAG(s) dict_keys(['ohcl_daily']) retrieved from /opt/airflow/dags/ohcl_daily.py
[2023-05-23T23:16:52.314+0000] {logging_mixin.py:149} INFO - [2023-05-23T23:16:52.314+0000] {dag.py:2726} INFO - Sync 1 DAGs
[2023-05-23T23:16:52.336+0000] {logging_mixin.py:149} INFO - [2023-05-23T23:16:52.336+0000] {dag.py:3490} INFO - Setting next_dagrun for ohcl_daily to 2023-05-23T00:00:00+00:00, run_after=2023-05-24T00:00:00+00:00
[2023-05-23T23:16:52.352+0000] {processor.py:179} INFO - Processing /opt/airflow/dags/ohcl_daily.py took 0.092 seconds
[2023-05-23T23:17:22.410+0000] {processor.py:157} INFO - Started process (PID=342) to work on /opt/airflow/dags/ohcl_daily.py
[2023-05-23T23:17:22.412+0000] {processor.py:826} INFO - Processing file /opt/airflow/dags/ohcl_daily.py for tasks to queue
[2023-05-23T23:17:22.413+0000] {logging_mixin.py:149} INFO - [2023-05-23T23:17:22.412+0000] {dagbag.py:541} INFO - Filling up the DagBag from /opt/airflow/dags/ohcl_daily.py
[2023-05-23T23:17:22.431+0000] {processor.py:836} INFO - DAG(s) dict_keys(['ohcl_daily']) retrieved from /opt/airflow/dags/ohcl_daily.py
[2023-05-23T23:17:22.465+0000] {logging_mixin.py:149} INFO - [2023-05-23T23:17:22.464+0000] {dag.py:2726} INFO - Sync 1 DAGs
[2023-05-23T23:17:22.484+0000] {logging_mixin.py:149} INFO - [2023-05-23T23:17:22.484+0000] {dag.py:3490} INFO - Setting next_dagrun for ohcl_daily to 2023-05-23T00:00:00+00:00, run_after=2023-05-24T00:00:00+00:00
[2023-05-23T23:17:22.507+0000] {processor.py:179} INFO - Processing /opt/airflow/dags/ohcl_daily.py took 0.102 seconds
[2023-05-23T23:17:52.623+0000] {processor.py:157} INFO - Started process (PID=350) to work on /opt/airflow/dags/ohcl_daily.py
[2023-05-23T23:17:52.625+0000] {processor.py:826} INFO - Processing file /opt/airflow/dags/ohcl_daily.py for tasks to queue
[2023-05-23T23:17:52.625+0000] {logging_mixin.py:149} INFO - [2023-05-23T23:17:52.625+0000] {dagbag.py:541} INFO - Filling up the DagBag from /opt/airflow/dags/ohcl_daily.py
[2023-05-23T23:17:52.632+0000] {processor.py:836} INFO - DAG(s) dict_keys(['ohcl_daily']) retrieved from /opt/airflow/dags/ohcl_daily.py
[2023-05-23T23:17:52.651+0000] {logging_mixin.py:149} INFO - [2023-05-23T23:17:52.651+0000] {dag.py:2726} INFO - Sync 1 DAGs
[2023-05-23T23:17:52.670+0000] {logging_mixin.py:149} INFO - [2023-05-23T23:17:52.670+0000] {dag.py:3490} INFO - Setting next_dagrun for ohcl_daily to 2023-05-23T00:00:00+00:00, run_after=2023-05-24T00:00:00+00:00
[2023-05-23T23:17:52.684+0000] {processor.py:179} INFO - Processing /opt/airflow/dags/ohcl_daily.py took 0.064 seconds
[2023-05-23T23:18:22.784+0000] {processor.py:157} INFO - Started process (PID=358) to work on /opt/airflow/dags/ohcl_daily.py
[2023-05-23T23:18:22.787+0000] {processor.py:826} INFO - Processing file /opt/airflow/dags/ohcl_daily.py for tasks to queue
[2023-05-23T23:18:22.788+0000] {logging_mixin.py:149} INFO - [2023-05-23T23:18:22.788+0000] {dagbag.py:541} INFO - Filling up the DagBag from /opt/airflow/dags/ohcl_daily.py
[2023-05-23T23:18:22.803+0000] {processor.py:836} INFO - DAG(s) dict_keys(['ohcl_daily']) retrieved from /opt/airflow/dags/ohcl_daily.py
[2023-05-23T23:18:22.837+0000] {logging_mixin.py:149} INFO - [2023-05-23T23:18:22.837+0000] {dag.py:2726} INFO - Sync 1 DAGs
[2023-05-23T23:18:22.858+0000] {logging_mixin.py:149} INFO - [2023-05-23T23:18:22.858+0000] {dag.py:3490} INFO - Setting next_dagrun for ohcl_daily to 2023-05-23T00:00:00+00:00, run_after=2023-05-24T00:00:00+00:00
[2023-05-23T23:18:22.882+0000] {processor.py:179} INFO - Processing /opt/airflow/dags/ohcl_daily.py took 0.101 seconds
[2023-05-23T23:18:52.946+0000] {processor.py:157} INFO - Started process (PID=366) to work on /opt/airflow/dags/ohcl_daily.py
[2023-05-23T23:18:52.947+0000] {processor.py:826} INFO - Processing file /opt/airflow/dags/ohcl_daily.py for tasks to queue
[2023-05-23T23:18:52.947+0000] {logging_mixin.py:149} INFO - [2023-05-23T23:18:52.947+0000] {dagbag.py:541} INFO - Filling up the DagBag from /opt/airflow/dags/ohcl_daily.py
[2023-05-23T23:18:52.957+0000] {processor.py:836} INFO - DAG(s) dict_keys(['ohcl_daily']) retrieved from /opt/airflow/dags/ohcl_daily.py
[2023-05-23T23:18:52.984+0000] {logging_mixin.py:149} INFO - [2023-05-23T23:18:52.984+0000] {dag.py:2726} INFO - Sync 1 DAGs
[2023-05-23T23:18:53.004+0000] {logging_mixin.py:149} INFO - [2023-05-23T23:18:53.004+0000] {dag.py:3490} INFO - Setting next_dagrun for ohcl_daily to 2023-05-23T00:00:00+00:00, run_after=2023-05-24T00:00:00+00:00
[2023-05-23T23:18:53.024+0000] {processor.py:179} INFO - Processing /opt/airflow/dags/ohcl_daily.py took 0.081 seconds
[2023-05-23T23:19:23.134+0000] {processor.py:157} INFO - Started process (PID=374) to work on /opt/airflow/dags/ohcl_daily.py
[2023-05-23T23:19:23.135+0000] {processor.py:826} INFO - Processing file /opt/airflow/dags/ohcl_daily.py for tasks to queue
[2023-05-23T23:19:23.135+0000] {logging_mixin.py:149} INFO - [2023-05-23T23:19:23.135+0000] {dagbag.py:541} INFO - Filling up the DagBag from /opt/airflow/dags/ohcl_daily.py
[2023-05-23T23:19:23.148+0000] {processor.py:836} INFO - DAG(s) dict_keys(['ohcl_daily']) retrieved from /opt/airflow/dags/ohcl_daily.py
[2023-05-23T23:19:23.179+0000] {logging_mixin.py:149} INFO - [2023-05-23T23:19:23.178+0000] {dag.py:2726} INFO - Sync 1 DAGs
[2023-05-23T23:19:23.198+0000] {logging_mixin.py:149} INFO - [2023-05-23T23:19:23.198+0000] {dag.py:3490} INFO - Setting next_dagrun for ohcl_daily to 2023-05-23T00:00:00+00:00, run_after=2023-05-24T00:00:00+00:00
[2023-05-23T23:19:23.211+0000] {processor.py:179} INFO - Processing /opt/airflow/dags/ohcl_daily.py took 0.080 seconds
[2023-05-23T23:19:53.289+0000] {processor.py:157} INFO - Started process (PID=382) to work on /opt/airflow/dags/ohcl_daily.py
[2023-05-23T23:19:53.291+0000] {processor.py:826} INFO - Processing file /opt/airflow/dags/ohcl_daily.py for tasks to queue
[2023-05-23T23:19:53.292+0000] {logging_mixin.py:149} INFO - [2023-05-23T23:19:53.292+0000] {dagbag.py:541} INFO - Filling up the DagBag from /opt/airflow/dags/ohcl_daily.py
[2023-05-23T23:19:53.306+0000] {processor.py:836} INFO - DAG(s) dict_keys(['ohcl_daily']) retrieved from /opt/airflow/dags/ohcl_daily.py
[2023-05-23T23:19:53.330+0000] {logging_mixin.py:149} INFO - [2023-05-23T23:19:53.330+0000] {dag.py:2726} INFO - Sync 1 DAGs
[2023-05-23T23:19:53.348+0000] {logging_mixin.py:149} INFO - [2023-05-23T23:19:53.348+0000] {dag.py:3490} INFO - Setting next_dagrun for ohcl_daily to 2023-05-23T00:00:00+00:00, run_after=2023-05-24T00:00:00+00:00
[2023-05-23T23:19:53.362+0000] {processor.py:179} INFO - Processing /opt/airflow/dags/ohcl_daily.py took 0.077 seconds
[2023-05-23T23:20:23.499+0000] {processor.py:157} INFO - Started process (PID=390) to work on /opt/airflow/dags/ohcl_daily.py
[2023-05-23T23:20:23.501+0000] {processor.py:826} INFO - Processing file /opt/airflow/dags/ohcl_daily.py for tasks to queue
[2023-05-23T23:20:23.502+0000] {logging_mixin.py:149} INFO - [2023-05-23T23:20:23.502+0000] {dagbag.py:541} INFO - Filling up the DagBag from /opt/airflow/dags/ohcl_daily.py
[2023-05-23T23:20:23.516+0000] {processor.py:836} INFO - DAG(s) dict_keys(['ohcl_daily']) retrieved from /opt/airflow/dags/ohcl_daily.py
[2023-05-23T23:20:23.542+0000] {logging_mixin.py:149} INFO - [2023-05-23T23:20:23.542+0000] {dag.py:2726} INFO - Sync 1 DAGs
[2023-05-23T23:20:23.563+0000] {logging_mixin.py:149} INFO - [2023-05-23T23:20:23.563+0000] {dag.py:3490} INFO - Setting next_dagrun for ohcl_daily to 2023-05-23T00:00:00+00:00, run_after=2023-05-24T00:00:00+00:00
[2023-05-23T23:20:23.578+0000] {processor.py:179} INFO - Processing /opt/airflow/dags/ohcl_daily.py took 0.084 seconds
[2023-05-23T23:20:53.646+0000] {processor.py:157} INFO - Started process (PID=398) to work on /opt/airflow/dags/ohcl_daily.py
[2023-05-23T23:20:53.647+0000] {processor.py:826} INFO - Processing file /opt/airflow/dags/ohcl_daily.py for tasks to queue
[2023-05-23T23:20:53.647+0000] {logging_mixin.py:149} INFO - [2023-05-23T23:20:53.647+0000] {dagbag.py:541} INFO - Filling up the DagBag from /opt/airflow/dags/ohcl_daily.py
[2023-05-23T23:20:53.657+0000] {processor.py:836} INFO - DAG(s) dict_keys(['ohcl_daily']) retrieved from /opt/airflow/dags/ohcl_daily.py
[2023-05-23T23:20:53.683+0000] {logging_mixin.py:149} INFO - [2023-05-23T23:20:53.683+0000] {dag.py:2726} INFO - Sync 1 DAGs
[2023-05-23T23:20:53.702+0000] {logging_mixin.py:149} INFO - [2023-05-23T23:20:53.702+0000] {dag.py:3490} INFO - Setting next_dagrun for ohcl_daily to 2023-05-23T00:00:00+00:00, run_after=2023-05-24T00:00:00+00:00
[2023-05-23T23:20:53.729+0000] {processor.py:179} INFO - Processing /opt/airflow/dags/ohcl_daily.py took 0.086 seconds
[2023-05-23T23:21:23.851+0000] {processor.py:157} INFO - Started process (PID=406) to work on /opt/airflow/dags/ohcl_daily.py
[2023-05-23T23:21:23.854+0000] {processor.py:826} INFO - Processing file /opt/airflow/dags/ohcl_daily.py for tasks to queue
[2023-05-23T23:21:23.855+0000] {logging_mixin.py:149} INFO - [2023-05-23T23:21:23.855+0000] {dagbag.py:541} INFO - Filling up the DagBag from /opt/airflow/dags/ohcl_daily.py
[2023-05-23T23:21:23.875+0000] {processor.py:836} INFO - DAG(s) dict_keys(['ohcl_daily']) retrieved from /opt/airflow/dags/ohcl_daily.py
[2023-05-23T23:21:23.901+0000] {logging_mixin.py:149} INFO - [2023-05-23T23:21:23.901+0000] {dag.py:2726} INFO - Sync 1 DAGs
[2023-05-23T23:21:23.919+0000] {logging_mixin.py:149} INFO - [2023-05-23T23:21:23.919+0000] {dag.py:3490} INFO - Setting next_dagrun for ohcl_daily to 2023-05-23T00:00:00+00:00, run_after=2023-05-24T00:00:00+00:00
[2023-05-23T23:21:23.934+0000] {processor.py:179} INFO - Processing /opt/airflow/dags/ohcl_daily.py took 0.086 seconds
[2023-05-23T23:21:54.014+0000] {processor.py:157} INFO - Started process (PID=414) to work on /opt/airflow/dags/ohcl_daily.py
[2023-05-23T23:21:54.017+0000] {processor.py:826} INFO - Processing file /opt/airflow/dags/ohcl_daily.py for tasks to queue
[2023-05-23T23:21:54.018+0000] {logging_mixin.py:149} INFO - [2023-05-23T23:21:54.017+0000] {dagbag.py:541} INFO - Filling up the DagBag from /opt/airflow/dags/ohcl_daily.py
[2023-05-23T23:21:54.032+0000] {processor.py:836} INFO - DAG(s) dict_keys(['ohcl_daily']) retrieved from /opt/airflow/dags/ohcl_daily.py
[2023-05-23T23:21:54.073+0000] {logging_mixin.py:149} INFO - [2023-05-23T23:21:54.073+0000] {dag.py:2726} INFO - Sync 1 DAGs
[2023-05-23T23:21:54.097+0000] {logging_mixin.py:149} INFO - [2023-05-23T23:21:54.097+0000] {dag.py:3490} INFO - Setting next_dagrun for ohcl_daily to 2023-05-23T00:00:00+00:00, run_after=2023-05-24T00:00:00+00:00
[2023-05-23T23:21:54.112+0000] {processor.py:179} INFO - Processing /opt/airflow/dags/ohcl_daily.py took 0.102 seconds
[2023-05-23T23:22:24.196+0000] {processor.py:157} INFO - Started process (PID=422) to work on /opt/airflow/dags/ohcl_daily.py
[2023-05-23T23:22:24.199+0000] {processor.py:826} INFO - Processing file /opt/airflow/dags/ohcl_daily.py for tasks to queue
[2023-05-23T23:22:24.199+0000] {logging_mixin.py:149} INFO - [2023-05-23T23:22:24.199+0000] {dagbag.py:541} INFO - Filling up the DagBag from /opt/airflow/dags/ohcl_daily.py
[2023-05-23T23:22:24.218+0000] {processor.py:836} INFO - DAG(s) dict_keys(['ohcl_daily']) retrieved from /opt/airflow/dags/ohcl_daily.py
[2023-05-23T23:22:24.246+0000] {logging_mixin.py:149} INFO - [2023-05-23T23:22:24.246+0000] {dag.py:2726} INFO - Sync 1 DAGs
[2023-05-23T23:22:24.265+0000] {logging_mixin.py:149} INFO - [2023-05-23T23:22:24.265+0000] {dag.py:3490} INFO - Setting next_dagrun for ohcl_daily to 2023-05-23T00:00:00+00:00, run_after=2023-05-24T00:00:00+00:00
[2023-05-23T23:22:24.282+0000] {processor.py:179} INFO - Processing /opt/airflow/dags/ohcl_daily.py took 0.090 seconds
[2023-05-23T23:22:54.386+0000] {processor.py:157} INFO - Started process (PID=430) to work on /opt/airflow/dags/ohcl_daily.py
[2023-05-23T23:22:54.389+0000] {processor.py:826} INFO - Processing file /opt/airflow/dags/ohcl_daily.py for tasks to queue
[2023-05-23T23:22:54.390+0000] {logging_mixin.py:149} INFO - [2023-05-23T23:22:54.390+0000] {dagbag.py:541} INFO - Filling up the DagBag from /opt/airflow/dags/ohcl_daily.py
[2023-05-23T23:22:54.405+0000] {processor.py:836} INFO - DAG(s) dict_keys(['ohcl_daily']) retrieved from /opt/airflow/dags/ohcl_daily.py
[2023-05-23T23:22:54.430+0000] {logging_mixin.py:149} INFO - [2023-05-23T23:22:54.430+0000] {dag.py:2726} INFO - Sync 1 DAGs
[2023-05-23T23:22:54.450+0000] {logging_mixin.py:149} INFO - [2023-05-23T23:22:54.449+0000] {dag.py:3490} INFO - Setting next_dagrun for ohcl_daily to 2023-05-23T00:00:00+00:00, run_after=2023-05-24T00:00:00+00:00
[2023-05-23T23:22:54.470+0000] {processor.py:179} INFO - Processing /opt/airflow/dags/ohcl_daily.py took 0.088 seconds
[2023-05-23T23:23:24.565+0000] {processor.py:157} INFO - Started process (PID=438) to work on /opt/airflow/dags/ohcl_daily.py
[2023-05-23T23:23:24.568+0000] {processor.py:826} INFO - Processing file /opt/airflow/dags/ohcl_daily.py for tasks to queue
[2023-05-23T23:23:24.569+0000] {logging_mixin.py:149} INFO - [2023-05-23T23:23:24.569+0000] {dagbag.py:541} INFO - Filling up the DagBag from /opt/airflow/dags/ohcl_daily.py
[2023-05-23T23:23:24.589+0000] {processor.py:836} INFO - DAG(s) dict_keys(['ohcl_daily']) retrieved from /opt/airflow/dags/ohcl_daily.py
[2023-05-23T23:23:24.616+0000] {logging_mixin.py:149} INFO - [2023-05-23T23:23:24.616+0000] {dag.py:2726} INFO - Sync 1 DAGs
[2023-05-23T23:23:24.634+0000] {logging_mixin.py:149} INFO - [2023-05-23T23:23:24.634+0000] {dag.py:3490} INFO - Setting next_dagrun for ohcl_daily to 2023-05-23T00:00:00+00:00, run_after=2023-05-24T00:00:00+00:00
[2023-05-23T23:23:24.649+0000] {processor.py:179} INFO - Processing /opt/airflow/dags/ohcl_daily.py took 0.089 seconds
[2023-05-23T23:23:54.746+0000] {processor.py:157} INFO - Started process (PID=446) to work on /opt/airflow/dags/ohcl_daily.py
[2023-05-23T23:23:54.748+0000] {processor.py:826} INFO - Processing file /opt/airflow/dags/ohcl_daily.py for tasks to queue
[2023-05-23T23:23:54.748+0000] {logging_mixin.py:149} INFO - [2023-05-23T23:23:54.748+0000] {dagbag.py:541} INFO - Filling up the DagBag from /opt/airflow/dags/ohcl_daily.py
[2023-05-23T23:23:54.757+0000] {processor.py:836} INFO - DAG(s) dict_keys(['ohcl_daily']) retrieved from /opt/airflow/dags/ohcl_daily.py
[2023-05-23T23:23:54.781+0000] {logging_mixin.py:149} INFO - [2023-05-23T23:23:54.781+0000] {dag.py:2726} INFO - Sync 1 DAGs
[2023-05-23T23:23:54.801+0000] {logging_mixin.py:149} INFO - [2023-05-23T23:23:54.801+0000] {dag.py:3490} INFO - Setting next_dagrun for ohcl_daily to 2023-05-23T00:00:00+00:00, run_after=2023-05-24T00:00:00+00:00
[2023-05-23T23:23:54.815+0000] {processor.py:179} INFO - Processing /opt/airflow/dags/ohcl_daily.py took 0.071 seconds
[2023-05-23T23:24:24.904+0000] {processor.py:157} INFO - Started process (PID=454) to work on /opt/airflow/dags/ohcl_daily.py
[2023-05-23T23:24:24.906+0000] {processor.py:826} INFO - Processing file /opt/airflow/dags/ohcl_daily.py for tasks to queue
[2023-05-23T23:24:24.906+0000] {logging_mixin.py:149} INFO - [2023-05-23T23:24:24.906+0000] {dagbag.py:541} INFO - Filling up the DagBag from /opt/airflow/dags/ohcl_daily.py
[2023-05-23T23:24:24.913+0000] {processor.py:836} INFO - DAG(s) dict_keys(['ohcl_daily']) retrieved from /opt/airflow/dags/ohcl_daily.py
[2023-05-23T23:24:24.933+0000] {logging_mixin.py:149} INFO - [2023-05-23T23:24:24.933+0000] {dag.py:2726} INFO - Sync 1 DAGs
[2023-05-23T23:24:24.952+0000] {logging_mixin.py:149} INFO - [2023-05-23T23:24:24.952+0000] {dag.py:3490} INFO - Setting next_dagrun for ohcl_daily to 2023-05-23T00:00:00+00:00, run_after=2023-05-24T00:00:00+00:00
[2023-05-23T23:24:24.966+0000] {processor.py:179} INFO - Processing /opt/airflow/dags/ohcl_daily.py took 0.065 seconds
[2023-05-23T23:24:55.074+0000] {processor.py:157} INFO - Started process (PID=462) to work on /opt/airflow/dags/ohcl_daily.py
[2023-05-23T23:24:55.075+0000] {processor.py:826} INFO - Processing file /opt/airflow/dags/ohcl_daily.py for tasks to queue
[2023-05-23T23:24:55.076+0000] {logging_mixin.py:149} INFO - [2023-05-23T23:24:55.076+0000] {dagbag.py:541} INFO - Filling up the DagBag from /opt/airflow/dags/ohcl_daily.py
[2023-05-23T23:24:55.087+0000] {processor.py:836} INFO - DAG(s) dict_keys(['ohcl_daily']) retrieved from /opt/airflow/dags/ohcl_daily.py
[2023-05-23T23:24:55.109+0000] {logging_mixin.py:149} INFO - [2023-05-23T23:24:55.109+0000] {dag.py:2726} INFO - Sync 1 DAGs
[2023-05-23T23:24:55.128+0000] {logging_mixin.py:149} INFO - [2023-05-23T23:24:55.128+0000] {dag.py:3490} INFO - Setting next_dagrun for ohcl_daily to 2023-05-23T00:00:00+00:00, run_after=2023-05-24T00:00:00+00:00
[2023-05-23T23:24:55.141+0000] {processor.py:179} INFO - Processing /opt/airflow/dags/ohcl_daily.py took 0.069 seconds
[2023-05-23T23:25:25.248+0000] {processor.py:157} INFO - Started process (PID=470) to work on /opt/airflow/dags/ohcl_daily.py
[2023-05-23T23:25:25.251+0000] {processor.py:826} INFO - Processing file /opt/airflow/dags/ohcl_daily.py for tasks to queue
[2023-05-23T23:25:25.252+0000] {logging_mixin.py:149} INFO - [2023-05-23T23:25:25.252+0000] {dagbag.py:541} INFO - Filling up the DagBag from /opt/airflow/dags/ohcl_daily.py
[2023-05-23T23:25:25.272+0000] {processor.py:836} INFO - DAG(s) dict_keys(['ohcl_daily']) retrieved from /opt/airflow/dags/ohcl_daily.py
[2023-05-23T23:25:25.301+0000] {logging_mixin.py:149} INFO - [2023-05-23T23:25:25.301+0000] {dag.py:2726} INFO - Sync 1 DAGs
[2023-05-23T23:25:25.320+0000] {logging_mixin.py:149} INFO - [2023-05-23T23:25:25.320+0000] {dag.py:3490} INFO - Setting next_dagrun for ohcl_daily to 2023-05-23T00:00:00+00:00, run_after=2023-05-24T00:00:00+00:00
[2023-05-23T23:25:25.344+0000] {processor.py:179} INFO - Processing /opt/airflow/dags/ohcl_daily.py took 0.101 seconds
[2023-05-23T23:25:55.404+0000] {processor.py:157} INFO - Started process (PID=478) to work on /opt/airflow/dags/ohcl_daily.py
[2023-05-23T23:25:55.407+0000] {processor.py:826} INFO - Processing file /opt/airflow/dags/ohcl_daily.py for tasks to queue
[2023-05-23T23:25:55.407+0000] {logging_mixin.py:149} INFO - [2023-05-23T23:25:55.407+0000] {dagbag.py:541} INFO - Filling up the DagBag from /opt/airflow/dags/ohcl_daily.py
[2023-05-23T23:25:55.414+0000] {processor.py:836} INFO - DAG(s) dict_keys(['ohcl_daily']) retrieved from /opt/airflow/dags/ohcl_daily.py
[2023-05-23T23:25:55.434+0000] {logging_mixin.py:149} INFO - [2023-05-23T23:25:55.434+0000] {dag.py:2726} INFO - Sync 1 DAGs
[2023-05-23T23:25:55.454+0000] {logging_mixin.py:149} INFO - [2023-05-23T23:25:55.453+0000] {dag.py:3490} INFO - Setting next_dagrun for ohcl_daily to 2023-05-23T00:00:00+00:00, run_after=2023-05-24T00:00:00+00:00
[2023-05-23T23:25:55.467+0000] {processor.py:179} INFO - Processing /opt/airflow/dags/ohcl_daily.py took 0.064 seconds
[2023-05-23T23:26:25.604+0000] {processor.py:157} INFO - Started process (PID=486) to work on /opt/airflow/dags/ohcl_daily.py
[2023-05-23T23:26:25.607+0000] {processor.py:826} INFO - Processing file /opt/airflow/dags/ohcl_daily.py for tasks to queue
[2023-05-23T23:26:25.608+0000] {logging_mixin.py:149} INFO - [2023-05-23T23:26:25.608+0000] {dagbag.py:541} INFO - Filling up the DagBag from /opt/airflow/dags/ohcl_daily.py
[2023-05-23T23:26:25.627+0000] {processor.py:836} INFO - DAG(s) dict_keys(['ohcl_daily']) retrieved from /opt/airflow/dags/ohcl_daily.py
[2023-05-23T23:26:25.657+0000] {logging_mixin.py:149} INFO - [2023-05-23T23:26:25.657+0000] {dag.py:2726} INFO - Sync 1 DAGs
[2023-05-23T23:26:25.676+0000] {logging_mixin.py:149} INFO - [2023-05-23T23:26:25.676+0000] {dag.py:3490} INFO - Setting next_dagrun for ohcl_daily to 2023-05-23T00:00:00+00:00, run_after=2023-05-24T00:00:00+00:00
[2023-05-23T23:26:25.691+0000] {processor.py:179} INFO - Processing /opt/airflow/dags/ohcl_daily.py took 0.092 seconds
[2023-05-23T23:26:55.733+0000] {processor.py:157} INFO - Started process (PID=494) to work on /opt/airflow/dags/ohcl_daily.py
[2023-05-23T23:26:55.736+0000] {processor.py:826} INFO - Processing file /opt/airflow/dags/ohcl_daily.py for tasks to queue
[2023-05-23T23:26:55.736+0000] {logging_mixin.py:149} INFO - [2023-05-23T23:26:55.736+0000] {dagbag.py:541} INFO - Filling up the DagBag from /opt/airflow/dags/ohcl_daily.py
[2023-05-23T23:26:55.743+0000] {processor.py:836} INFO - DAG(s) dict_keys(['ohcl_daily']) retrieved from /opt/airflow/dags/ohcl_daily.py
[2023-05-23T23:26:55.762+0000] {logging_mixin.py:149} INFO - [2023-05-23T23:26:55.762+0000] {dag.py:2726} INFO - Sync 1 DAGs
[2023-05-23T23:26:55.781+0000] {logging_mixin.py:149} INFO - [2023-05-23T23:26:55.780+0000] {dag.py:3490} INFO - Setting next_dagrun for ohcl_daily to 2023-05-23T00:00:00+00:00, run_after=2023-05-24T00:00:00+00:00
[2023-05-23T23:26:55.794+0000] {processor.py:179} INFO - Processing /opt/airflow/dags/ohcl_daily.py took 0.062 seconds
[2023-05-23T23:27:25.873+0000] {processor.py:157} INFO - Started process (PID=502) to work on /opt/airflow/dags/ohcl_daily.py
[2023-05-23T23:27:25.876+0000] {processor.py:826} INFO - Processing file /opt/airflow/dags/ohcl_daily.py for tasks to queue
[2023-05-23T23:27:25.876+0000] {logging_mixin.py:149} INFO - [2023-05-23T23:27:25.876+0000] {dagbag.py:541} INFO - Filling up the DagBag from /opt/airflow/dags/ohcl_daily.py
[2023-05-23T23:27:25.886+0000] {processor.py:836} INFO - DAG(s) dict_keys(['ohcl_daily']) retrieved from /opt/airflow/dags/ohcl_daily.py
[2023-05-23T23:27:25.911+0000] {logging_mixin.py:149} INFO - [2023-05-23T23:27:25.911+0000] {dag.py:2726} INFO - Sync 1 DAGs
[2023-05-23T23:27:25.931+0000] {logging_mixin.py:149} INFO - [2023-05-23T23:27:25.930+0000] {dag.py:3490} INFO - Setting next_dagrun for ohcl_daily to 2023-05-23T00:00:00+00:00, run_after=2023-05-24T00:00:00+00:00
[2023-05-23T23:27:25.944+0000] {processor.py:179} INFO - Processing /opt/airflow/dags/ohcl_daily.py took 0.073 seconds
[2023-05-23T23:27:56.076+0000] {processor.py:157} INFO - Started process (PID=510) to work on /opt/airflow/dags/ohcl_daily.py
[2023-05-23T23:27:56.079+0000] {processor.py:826} INFO - Processing file /opt/airflow/dags/ohcl_daily.py for tasks to queue
[2023-05-23T23:27:56.080+0000] {logging_mixin.py:149} INFO - [2023-05-23T23:27:56.080+0000] {dagbag.py:541} INFO - Filling up the DagBag from /opt/airflow/dags/ohcl_daily.py
[2023-05-23T23:27:56.093+0000] {processor.py:836} INFO - DAG(s) dict_keys(['ohcl_daily']) retrieved from /opt/airflow/dags/ohcl_daily.py
[2023-05-23T23:27:56.118+0000] {logging_mixin.py:149} INFO - [2023-05-23T23:27:56.118+0000] {dag.py:2726} INFO - Sync 1 DAGs
[2023-05-23T23:27:56.138+0000] {logging_mixin.py:149} INFO - [2023-05-23T23:27:56.138+0000] {dag.py:3490} INFO - Setting next_dagrun for ohcl_daily to 2023-05-23T00:00:00+00:00, run_after=2023-05-24T00:00:00+00:00
[2023-05-23T23:27:56.164+0000] {processor.py:179} INFO - Processing /opt/airflow/dags/ohcl_daily.py took 0.093 seconds
[2023-05-23T23:28:26.211+0000] {processor.py:157} INFO - Started process (PID=518) to work on /opt/airflow/dags/ohcl_daily.py
[2023-05-23T23:28:26.213+0000] {processor.py:826} INFO - Processing file /opt/airflow/dags/ohcl_daily.py for tasks to queue
[2023-05-23T23:28:26.213+0000] {logging_mixin.py:149} INFO - [2023-05-23T23:28:26.213+0000] {dagbag.py:541} INFO - Filling up the DagBag from /opt/airflow/dags/ohcl_daily.py
[2023-05-23T23:28:26.220+0000] {processor.py:836} INFO - DAG(s) dict_keys(['ohcl_daily']) retrieved from /opt/airflow/dags/ohcl_daily.py
[2023-05-23T23:28:26.240+0000] {logging_mixin.py:149} INFO - [2023-05-23T23:28:26.240+0000] {dag.py:2726} INFO - Sync 1 DAGs
[2023-05-23T23:28:26.258+0000] {logging_mixin.py:149} INFO - [2023-05-23T23:28:26.258+0000] {dag.py:3490} INFO - Setting next_dagrun for ohcl_daily to 2023-05-23T00:00:00+00:00, run_after=2023-05-24T00:00:00+00:00
[2023-05-23T23:28:26.271+0000] {processor.py:179} INFO - Processing /opt/airflow/dags/ohcl_daily.py took 0.062 seconds
[2023-05-23T23:28:56.349+0000] {processor.py:157} INFO - Started process (PID=526) to work on /opt/airflow/dags/ohcl_daily.py
[2023-05-23T23:28:56.350+0000] {processor.py:826} INFO - Processing file /opt/airflow/dags/ohcl_daily.py for tasks to queue
[2023-05-23T23:28:56.350+0000] {logging_mixin.py:149} INFO - [2023-05-23T23:28:56.350+0000] {dagbag.py:541} INFO - Filling up the DagBag from /opt/airflow/dags/ohcl_daily.py
[2023-05-23T23:28:56.357+0000] {processor.py:836} INFO - DAG(s) dict_keys(['ohcl_daily']) retrieved from /opt/airflow/dags/ohcl_daily.py
[2023-05-23T23:28:56.377+0000] {logging_mixin.py:149} INFO - [2023-05-23T23:28:56.377+0000] {dag.py:2726} INFO - Sync 1 DAGs
[2023-05-23T23:28:56.397+0000] {logging_mixin.py:149} INFO - [2023-05-23T23:28:56.397+0000] {dag.py:3490} INFO - Setting next_dagrun for ohcl_daily to 2023-05-23T00:00:00+00:00, run_after=2023-05-24T00:00:00+00:00
[2023-05-23T23:28:56.410+0000] {processor.py:179} INFO - Processing /opt/airflow/dags/ohcl_daily.py took 0.063 seconds
[2023-05-23T23:29:26.541+0000] {processor.py:157} INFO - Started process (PID=534) to work on /opt/airflow/dags/ohcl_daily.py
[2023-05-23T23:29:26.542+0000] {processor.py:826} INFO - Processing file /opt/airflow/dags/ohcl_daily.py for tasks to queue
[2023-05-23T23:29:26.542+0000] {logging_mixin.py:149} INFO - [2023-05-23T23:29:26.542+0000] {dagbag.py:541} INFO - Filling up the DagBag from /opt/airflow/dags/ohcl_daily.py
[2023-05-23T23:29:26.551+0000] {processor.py:836} INFO - DAG(s) dict_keys(['ohcl_daily']) retrieved from /opt/airflow/dags/ohcl_daily.py
[2023-05-23T23:29:26.574+0000] {logging_mixin.py:149} INFO - [2023-05-23T23:29:26.574+0000] {dag.py:2726} INFO - Sync 1 DAGs
[2023-05-23T23:29:26.596+0000] {logging_mixin.py:149} INFO - [2023-05-23T23:29:26.596+0000] {dag.py:3490} INFO - Setting next_dagrun for ohcl_daily to 2023-05-23T00:00:00+00:00, run_after=2023-05-24T00:00:00+00:00
[2023-05-23T23:29:26.610+0000] {processor.py:179} INFO - Processing /opt/airflow/dags/ohcl_daily.py took 0.071 seconds
