[2023-05-26T02:26:41.072+0000] {processor.py:157} INFO - Started process (PID=32) to work on /opt/airflow/dags/ohcl_daily.py
[2023-05-26T02:26:41.073+0000] {processor.py:826} INFO - Processing file /opt/airflow/dags/ohcl_daily.py for tasks to queue
[2023-05-26T02:26:41.073+0000] {logging_mixin.py:149} INFO - [2023-05-26T02:26:41.073+0000] {dagbag.py:541} INFO - Filling up the DagBag from /opt/airflow/dags/ohcl_daily.py
[2023-05-26T02:26:41.087+0000] {processor.py:836} INFO - DAG(s) dict_keys(['ohcl_daily']) retrieved from /opt/airflow/dags/ohcl_daily.py
[2023-05-26T02:26:41.310+0000] {logging_mixin.py:149} INFO - [2023-05-26T02:26:41.310+0000] {manager.py:504} INFO - Created Permission View: can delete on DAG:ohcl_daily
[2023-05-26T02:26:41.324+0000] {logging_mixin.py:149} INFO - [2023-05-26T02:26:41.324+0000] {manager.py:504} INFO - Created Permission View: can edit on DAG:ohcl_daily
[2023-05-26T02:26:41.340+0000] {logging_mixin.py:149} INFO - [2023-05-26T02:26:41.340+0000] {manager.py:504} INFO - Created Permission View: can read on DAG:ohcl_daily
[2023-05-26T02:26:41.340+0000] {logging_mixin.py:149} INFO - [2023-05-26T02:26:41.340+0000] {dag.py:2726} INFO - Sync 1 DAGs
[2023-05-26T02:26:41.350+0000] {logging_mixin.py:149} INFO - [2023-05-26T02:26:41.350+0000] {dag.py:2747} INFO - Creating ORM DAG for ohcl_daily
[2023-05-26T02:26:41.358+0000] {logging_mixin.py:149} INFO - [2023-05-26T02:26:41.358+0000] {dag.py:3490} INFO - Setting next_dagrun for ohcl_daily to 2023-05-25T00:00:00+00:00, run_after=2023-05-26T00:00:00+00:00
[2023-05-26T02:26:41.382+0000] {processor.py:179} INFO - Processing /opt/airflow/dags/ohcl_daily.py took 0.312 seconds
[2023-05-26T02:27:11.479+0000] {processor.py:157} INFO - Started process (PID=39) to work on /opt/airflow/dags/ohcl_daily.py
[2023-05-26T02:27:11.480+0000] {processor.py:826} INFO - Processing file /opt/airflow/dags/ohcl_daily.py for tasks to queue
[2023-05-26T02:27:11.480+0000] {logging_mixin.py:149} INFO - [2023-05-26T02:27:11.480+0000] {dagbag.py:541} INFO - Filling up the DagBag from /opt/airflow/dags/ohcl_daily.py
[2023-05-26T02:27:11.487+0000] {processor.py:836} INFO - DAG(s) dict_keys(['ohcl_daily']) retrieved from /opt/airflow/dags/ohcl_daily.py
[2023-05-26T02:27:11.506+0000] {logging_mixin.py:149} INFO - [2023-05-26T02:27:11.506+0000] {dag.py:2726} INFO - Sync 1 DAGs
[2023-05-26T02:27:11.523+0000] {logging_mixin.py:149} INFO - [2023-05-26T02:27:11.523+0000] {dag.py:3490} INFO - Setting next_dagrun for ohcl_daily to 2023-05-25T00:00:00+00:00, run_after=2023-05-26T00:00:00+00:00
[2023-05-26T02:27:11.546+0000] {processor.py:179} INFO - Processing /opt/airflow/dags/ohcl_daily.py took 0.069 seconds
[2023-05-26T02:27:41.592+0000] {processor.py:157} INFO - Started process (PID=47) to work on /opt/airflow/dags/ohcl_daily.py
[2023-05-26T02:27:41.593+0000] {processor.py:826} INFO - Processing file /opt/airflow/dags/ohcl_daily.py for tasks to queue
[2023-05-26T02:27:41.593+0000] {logging_mixin.py:149} INFO - [2023-05-26T02:27:41.593+0000] {dagbag.py:541} INFO - Filling up the DagBag from /opt/airflow/dags/ohcl_daily.py
[2023-05-26T02:27:41.599+0000] {processor.py:836} INFO - DAG(s) dict_keys(['ohcl_daily']) retrieved from /opt/airflow/dags/ohcl_daily.py
[2023-05-26T02:27:41.617+0000] {logging_mixin.py:149} INFO - [2023-05-26T02:27:41.617+0000] {dag.py:2726} INFO - Sync 1 DAGs
[2023-05-26T02:27:41.635+0000] {logging_mixin.py:149} INFO - [2023-05-26T02:27:41.635+0000] {dag.py:3490} INFO - Setting next_dagrun for ohcl_daily to 2023-05-25T00:00:00+00:00, run_after=2023-05-26T00:00:00+00:00
[2023-05-26T02:27:41.648+0000] {processor.py:179} INFO - Processing /opt/airflow/dags/ohcl_daily.py took 0.058 seconds
[2023-05-26T02:28:11.726+0000] {processor.py:157} INFO - Started process (PID=55) to work on /opt/airflow/dags/ohcl_daily.py
[2023-05-26T02:28:11.727+0000] {processor.py:826} INFO - Processing file /opt/airflow/dags/ohcl_daily.py for tasks to queue
[2023-05-26T02:28:11.727+0000] {logging_mixin.py:149} INFO - [2023-05-26T02:28:11.727+0000] {dagbag.py:541} INFO - Filling up the DagBag from /opt/airflow/dags/ohcl_daily.py
[2023-05-26T02:28:11.734+0000] {processor.py:836} INFO - DAG(s) dict_keys(['ohcl_daily']) retrieved from /opt/airflow/dags/ohcl_daily.py
[2023-05-26T02:28:11.754+0000] {logging_mixin.py:149} INFO - [2023-05-26T02:28:11.754+0000] {dag.py:2726} INFO - Sync 1 DAGs
[2023-05-26T02:28:11.775+0000] {logging_mixin.py:149} INFO - [2023-05-26T02:28:11.775+0000] {dag.py:3490} INFO - Setting next_dagrun for ohcl_daily to 2023-05-25T00:00:00+00:00, run_after=2023-05-26T00:00:00+00:00
[2023-05-26T02:28:11.795+0000] {processor.py:179} INFO - Processing /opt/airflow/dags/ohcl_daily.py took 0.071 seconds
[2023-05-26T02:28:41.945+0000] {processor.py:157} INFO - Started process (PID=63) to work on /opt/airflow/dags/ohcl_daily.py
[2023-05-26T02:28:41.947+0000] {processor.py:826} INFO - Processing file /opt/airflow/dags/ohcl_daily.py for tasks to queue
[2023-05-26T02:28:41.947+0000] {logging_mixin.py:149} INFO - [2023-05-26T02:28:41.947+0000] {dagbag.py:541} INFO - Filling up the DagBag from /opt/airflow/dags/ohcl_daily.py
[2023-05-26T02:28:41.954+0000] {processor.py:836} INFO - DAG(s) dict_keys(['ohcl_daily']) retrieved from /opt/airflow/dags/ohcl_daily.py
[2023-05-26T02:28:41.972+0000] {logging_mixin.py:149} INFO - [2023-05-26T02:28:41.972+0000] {dag.py:2726} INFO - Sync 1 DAGs
[2023-05-26T02:28:41.990+0000] {logging_mixin.py:149} INFO - [2023-05-26T02:28:41.990+0000] {dag.py:3490} INFO - Setting next_dagrun for ohcl_daily to 2023-05-26T00:00:00+00:00, run_after=2023-05-27T00:00:00+00:00
[2023-05-26T02:28:42.007+0000] {processor.py:179} INFO - Processing /opt/airflow/dags/ohcl_daily.py took 0.064 seconds
[2023-05-26T02:29:12.045+0000] {processor.py:157} INFO - Started process (PID=71) to work on /opt/airflow/dags/ohcl_daily.py
[2023-05-26T02:29:12.046+0000] {processor.py:826} INFO - Processing file /opt/airflow/dags/ohcl_daily.py for tasks to queue
[2023-05-26T02:29:12.047+0000] {logging_mixin.py:149} INFO - [2023-05-26T02:29:12.047+0000] {dagbag.py:541} INFO - Filling up the DagBag from /opt/airflow/dags/ohcl_daily.py
[2023-05-26T02:29:12.053+0000] {processor.py:836} INFO - DAG(s) dict_keys(['ohcl_daily']) retrieved from /opt/airflow/dags/ohcl_daily.py
[2023-05-26T02:29:12.073+0000] {logging_mixin.py:149} INFO - [2023-05-26T02:29:12.073+0000] {dag.py:2726} INFO - Sync 1 DAGs
[2023-05-26T02:29:12.093+0000] {logging_mixin.py:149} INFO - [2023-05-26T02:29:12.093+0000] {dag.py:3490} INFO - Setting next_dagrun for ohcl_daily to 2023-05-26T00:00:00+00:00, run_after=2023-05-27T00:00:00+00:00
[2023-05-26T02:29:12.108+0000] {processor.py:179} INFO - Processing /opt/airflow/dags/ohcl_daily.py took 0.064 seconds
[2023-05-26T02:29:42.193+0000] {processor.py:157} INFO - Started process (PID=79) to work on /opt/airflow/dags/ohcl_daily.py
[2023-05-26T02:29:42.194+0000] {processor.py:826} INFO - Processing file /opt/airflow/dags/ohcl_daily.py for tasks to queue
[2023-05-26T02:29:42.195+0000] {logging_mixin.py:149} INFO - [2023-05-26T02:29:42.194+0000] {dagbag.py:541} INFO - Filling up the DagBag from /opt/airflow/dags/ohcl_daily.py
[2023-05-26T02:29:42.203+0000] {processor.py:836} INFO - DAG(s) dict_keys(['ohcl_daily']) retrieved from /opt/airflow/dags/ohcl_daily.py
[2023-05-26T02:29:42.226+0000] {logging_mixin.py:149} INFO - [2023-05-26T02:29:42.225+0000] {dag.py:2726} INFO - Sync 1 DAGs
[2023-05-26T02:29:42.248+0000] {logging_mixin.py:149} INFO - [2023-05-26T02:29:42.248+0000] {dag.py:3490} INFO - Setting next_dagrun for ohcl_daily to 2023-05-26T00:00:00+00:00, run_after=2023-05-27T00:00:00+00:00
[2023-05-26T02:29:42.263+0000] {processor.py:179} INFO - Processing /opt/airflow/dags/ohcl_daily.py took 0.071 seconds
[2023-05-26T02:30:12.293+0000] {processor.py:157} INFO - Started process (PID=87) to work on /opt/airflow/dags/ohcl_daily.py
[2023-05-26T02:30:12.293+0000] {processor.py:826} INFO - Processing file /opt/airflow/dags/ohcl_daily.py for tasks to queue
[2023-05-26T02:30:12.294+0000] {logging_mixin.py:149} INFO - [2023-05-26T02:30:12.294+0000] {dagbag.py:541} INFO - Filling up the DagBag from /opt/airflow/dags/ohcl_daily.py
[2023-05-26T02:30:12.300+0000] {processor.py:836} INFO - DAG(s) dict_keys(['ohcl_daily']) retrieved from /opt/airflow/dags/ohcl_daily.py
[2023-05-26T02:30:12.320+0000] {logging_mixin.py:149} INFO - [2023-05-26T02:30:12.320+0000] {dag.py:2726} INFO - Sync 1 DAGs
[2023-05-26T02:30:12.340+0000] {logging_mixin.py:149} INFO - [2023-05-26T02:30:12.339+0000] {dag.py:3490} INFO - Setting next_dagrun for ohcl_daily to 2023-05-26T00:00:00+00:00, run_after=2023-05-27T00:00:00+00:00
[2023-05-26T02:30:12.366+0000] {processor.py:179} INFO - Processing /opt/airflow/dags/ohcl_daily.py took 0.075 seconds
[2023-05-26T02:30:42.431+0000] {processor.py:157} INFO - Started process (PID=95) to work on /opt/airflow/dags/ohcl_daily.py
[2023-05-26T02:30:42.431+0000] {processor.py:826} INFO - Processing file /opt/airflow/dags/ohcl_daily.py for tasks to queue
[2023-05-26T02:30:42.432+0000] {logging_mixin.py:149} INFO - [2023-05-26T02:30:42.432+0000] {dagbag.py:541} INFO - Filling up the DagBag from /opt/airflow/dags/ohcl_daily.py
[2023-05-26T02:30:42.438+0000] {processor.py:836} INFO - DAG(s) dict_keys(['ohcl_daily']) retrieved from /opt/airflow/dags/ohcl_daily.py
[2023-05-26T02:30:42.457+0000] {logging_mixin.py:149} INFO - [2023-05-26T02:30:42.457+0000] {dag.py:2726} INFO - Sync 1 DAGs
[2023-05-26T02:30:42.476+0000] {logging_mixin.py:149} INFO - [2023-05-26T02:30:42.476+0000] {dag.py:3490} INFO - Setting next_dagrun for ohcl_daily to 2023-05-26T00:00:00+00:00, run_after=2023-05-27T00:00:00+00:00
[2023-05-26T02:30:42.496+0000] {processor.py:179} INFO - Processing /opt/airflow/dags/ohcl_daily.py took 0.066 seconds
[2023-05-26T02:31:12.542+0000] {processor.py:157} INFO - Started process (PID=103) to work on /opt/airflow/dags/ohcl_daily.py
[2023-05-26T02:31:12.543+0000] {processor.py:826} INFO - Processing file /opt/airflow/dags/ohcl_daily.py for tasks to queue
[2023-05-26T02:31:12.543+0000] {logging_mixin.py:149} INFO - [2023-05-26T02:31:12.543+0000] {dagbag.py:541} INFO - Filling up the DagBag from /opt/airflow/dags/ohcl_daily.py
[2023-05-26T02:31:12.550+0000] {processor.py:836} INFO - DAG(s) dict_keys(['ohcl_daily']) retrieved from /opt/airflow/dags/ohcl_daily.py
[2023-05-26T02:31:12.569+0000] {logging_mixin.py:149} INFO - [2023-05-26T02:31:12.569+0000] {dag.py:2726} INFO - Sync 1 DAGs
[2023-05-26T02:31:12.589+0000] {logging_mixin.py:149} INFO - [2023-05-26T02:31:12.589+0000] {dag.py:3490} INFO - Setting next_dagrun for ohcl_daily to 2023-05-26T00:00:00+00:00, run_after=2023-05-27T00:00:00+00:00
[2023-05-26T02:31:12.602+0000] {processor.py:179} INFO - Processing /opt/airflow/dags/ohcl_daily.py took 0.062 seconds
[2023-05-26T02:31:42.684+0000] {processor.py:157} INFO - Started process (PID=115) to work on /opt/airflow/dags/ohcl_daily.py
[2023-05-26T02:31:42.685+0000] {processor.py:826} INFO - Processing file /opt/airflow/dags/ohcl_daily.py for tasks to queue
[2023-05-26T02:31:42.685+0000] {logging_mixin.py:149} INFO - [2023-05-26T02:31:42.685+0000] {dagbag.py:541} INFO - Filling up the DagBag from /opt/airflow/dags/ohcl_daily.py
[2023-05-26T02:31:42.693+0000] {processor.py:836} INFO - DAG(s) dict_keys(['ohcl_daily']) retrieved from /opt/airflow/dags/ohcl_daily.py
[2023-05-26T02:31:42.716+0000] {logging_mixin.py:149} INFO - [2023-05-26T02:31:42.716+0000] {dag.py:2726} INFO - Sync 1 DAGs
[2023-05-26T02:31:42.739+0000] {logging_mixin.py:149} INFO - [2023-05-26T02:31:42.739+0000] {dag.py:3490} INFO - Setting next_dagrun for ohcl_daily to 2023-05-26T00:00:00+00:00, run_after=2023-05-27T00:00:00+00:00
[2023-05-26T02:31:42.759+0000] {processor.py:179} INFO - Processing /opt/airflow/dags/ohcl_daily.py took 0.077 seconds
[2023-05-26T02:32:12.791+0000] {processor.py:157} INFO - Started process (PID=123) to work on /opt/airflow/dags/ohcl_daily.py
[2023-05-26T02:32:12.791+0000] {processor.py:826} INFO - Processing file /opt/airflow/dags/ohcl_daily.py for tasks to queue
[2023-05-26T02:32:12.792+0000] {logging_mixin.py:149} INFO - [2023-05-26T02:32:12.792+0000] {dagbag.py:541} INFO - Filling up the DagBag from /opt/airflow/dags/ohcl_daily.py
[2023-05-26T02:32:12.798+0000] {processor.py:836} INFO - DAG(s) dict_keys(['ohcl_daily']) retrieved from /opt/airflow/dags/ohcl_daily.py
[2023-05-26T02:32:12.816+0000] {logging_mixin.py:149} INFO - [2023-05-26T02:32:12.816+0000] {dag.py:2726} INFO - Sync 1 DAGs
[2023-05-26T02:32:12.834+0000] {logging_mixin.py:149} INFO - [2023-05-26T02:32:12.834+0000] {dag.py:3490} INFO - Setting next_dagrun for ohcl_daily to 2023-05-26T00:00:00+00:00, run_after=2023-05-27T00:00:00+00:00
[2023-05-26T02:32:12.861+0000] {processor.py:179} INFO - Processing /opt/airflow/dags/ohcl_daily.py took 0.072 seconds
[2023-05-26T02:32:42.942+0000] {processor.py:157} INFO - Started process (PID=131) to work on /opt/airflow/dags/ohcl_daily.py
[2023-05-26T02:32:42.943+0000] {processor.py:826} INFO - Processing file /opt/airflow/dags/ohcl_daily.py for tasks to queue
[2023-05-26T02:32:42.943+0000] {logging_mixin.py:149} INFO - [2023-05-26T02:32:42.943+0000] {dagbag.py:541} INFO - Filling up the DagBag from /opt/airflow/dags/ohcl_daily.py
[2023-05-26T02:32:42.949+0000] {processor.py:836} INFO - DAG(s) dict_keys(['ohcl_daily']) retrieved from /opt/airflow/dags/ohcl_daily.py
[2023-05-26T02:32:42.969+0000] {logging_mixin.py:149} INFO - [2023-05-26T02:32:42.969+0000] {dag.py:2726} INFO - Sync 1 DAGs
[2023-05-26T02:32:42.989+0000] {logging_mixin.py:149} INFO - [2023-05-26T02:32:42.988+0000] {dag.py:3490} INFO - Setting next_dagrun for ohcl_daily to 2023-05-26T00:00:00+00:00, run_after=2023-05-27T00:00:00+00:00
[2023-05-26T02:32:43.006+0000] {processor.py:179} INFO - Processing /opt/airflow/dags/ohcl_daily.py took 0.065 seconds
[2023-05-26T02:33:13.050+0000] {processor.py:157} INFO - Started process (PID=139) to work on /opt/airflow/dags/ohcl_daily.py
[2023-05-26T02:33:13.050+0000] {processor.py:826} INFO - Processing file /opt/airflow/dags/ohcl_daily.py for tasks to queue
[2023-05-26T02:33:13.051+0000] {logging_mixin.py:149} INFO - [2023-05-26T02:33:13.051+0000] {dagbag.py:541} INFO - Filling up the DagBag from /opt/airflow/dags/ohcl_daily.py
[2023-05-26T02:33:13.058+0000] {processor.py:836} INFO - DAG(s) dict_keys(['ohcl_daily']) retrieved from /opt/airflow/dags/ohcl_daily.py
[2023-05-26T02:33:13.080+0000] {logging_mixin.py:149} INFO - [2023-05-26T02:33:13.080+0000] {dag.py:2726} INFO - Sync 1 DAGs
[2023-05-26T02:33:13.101+0000] {logging_mixin.py:149} INFO - [2023-05-26T02:33:13.101+0000] {dag.py:3490} INFO - Setting next_dagrun for ohcl_daily to 2023-05-26T00:00:00+00:00, run_after=2023-05-27T00:00:00+00:00
[2023-05-26T02:33:13.116+0000] {processor.py:179} INFO - Processing /opt/airflow/dags/ohcl_daily.py took 0.068 seconds
[2023-05-26T02:33:43.268+0000] {processor.py:157} INFO - Started process (PID=147) to work on /opt/airflow/dags/ohcl_daily.py
[2023-05-26T02:33:43.268+0000] {processor.py:826} INFO - Processing file /opt/airflow/dags/ohcl_daily.py for tasks to queue
[2023-05-26T02:33:43.269+0000] {logging_mixin.py:149} INFO - [2023-05-26T02:33:43.269+0000] {dagbag.py:541} INFO - Filling up the DagBag from /opt/airflow/dags/ohcl_daily.py
[2023-05-26T02:33:43.288+0000] {processor.py:836} INFO - DAG(s) dict_keys(['ohcl_daily']) retrieved from /opt/airflow/dags/ohcl_daily.py
[2023-05-26T02:33:43.337+0000] {logging_mixin.py:149} INFO - [2023-05-26T02:33:43.336+0000] {dag.py:2726} INFO - Sync 1 DAGs
[2023-05-26T02:33:43.361+0000] {logging_mixin.py:149} INFO - [2023-05-26T02:33:43.361+0000] {dag.py:3490} INFO - Setting next_dagrun for ohcl_daily to 2023-05-26T00:00:00+00:00, run_after=2023-05-27T00:00:00+00:00
[2023-05-26T02:33:43.392+0000] {processor.py:179} INFO - Processing /opt/airflow/dags/ohcl_daily.py took 0.126 seconds
[2023-05-26T02:34:13.470+0000] {processor.py:157} INFO - Started process (PID=155) to work on /opt/airflow/dags/ohcl_daily.py
[2023-05-26T02:34:13.474+0000] {processor.py:826} INFO - Processing file /opt/airflow/dags/ohcl_daily.py for tasks to queue
[2023-05-26T02:34:13.476+0000] {logging_mixin.py:149} INFO - [2023-05-26T02:34:13.475+0000] {dagbag.py:541} INFO - Filling up the DagBag from /opt/airflow/dags/ohcl_daily.py
[2023-05-26T02:34:13.493+0000] {processor.py:836} INFO - DAG(s) dict_keys(['ohcl_daily']) retrieved from /opt/airflow/dags/ohcl_daily.py
[2023-05-26T02:34:13.528+0000] {logging_mixin.py:149} INFO - [2023-05-26T02:34:13.528+0000] {dag.py:2726} INFO - Sync 1 DAGs
[2023-05-26T02:34:13.579+0000] {logging_mixin.py:149} INFO - [2023-05-26T02:34:13.579+0000] {dag.py:3490} INFO - Setting next_dagrun for ohcl_daily to 2023-05-26T00:00:00+00:00, run_after=2023-05-27T00:00:00+00:00
[2023-05-26T02:34:13.599+0000] {processor.py:179} INFO - Processing /opt/airflow/dags/ohcl_daily.py took 0.134 seconds
[2023-05-26T02:34:43.798+0000] {processor.py:157} INFO - Started process (PID=163) to work on /opt/airflow/dags/ohcl_daily.py
[2023-05-26T02:34:43.803+0000] {processor.py:826} INFO - Processing file /opt/airflow/dags/ohcl_daily.py for tasks to queue
[2023-05-26T02:34:43.804+0000] {logging_mixin.py:149} INFO - [2023-05-26T02:34:43.803+0000] {dagbag.py:541} INFO - Filling up the DagBag from /opt/airflow/dags/ohcl_daily.py
[2023-05-26T02:34:43.821+0000] {processor.py:836} INFO - DAG(s) dict_keys(['ohcl_daily']) retrieved from /opt/airflow/dags/ohcl_daily.py
[2023-05-26T02:34:43.863+0000] {logging_mixin.py:149} INFO - [2023-05-26T02:34:43.863+0000] {dag.py:2726} INFO - Sync 1 DAGs
[2023-05-26T02:34:43.899+0000] {logging_mixin.py:149} INFO - [2023-05-26T02:34:43.899+0000] {dag.py:3490} INFO - Setting next_dagrun for ohcl_daily to 2023-05-26T00:00:00+00:00, run_after=2023-05-27T00:00:00+00:00
[2023-05-26T02:34:43.943+0000] {processor.py:179} INFO - Processing /opt/airflow/dags/ohcl_daily.py took 0.151 seconds
[2023-05-26T02:35:14.003+0000] {processor.py:157} INFO - Started process (PID=171) to work on /opt/airflow/dags/ohcl_daily.py
[2023-05-26T02:35:14.007+0000] {processor.py:826} INFO - Processing file /opt/airflow/dags/ohcl_daily.py for tasks to queue
[2023-05-26T02:35:14.007+0000] {logging_mixin.py:149} INFO - [2023-05-26T02:35:14.007+0000] {dagbag.py:541} INFO - Filling up the DagBag from /opt/airflow/dags/ohcl_daily.py
[2023-05-26T02:35:14.029+0000] {processor.py:836} INFO - DAG(s) dict_keys(['ohcl_daily']) retrieved from /opt/airflow/dags/ohcl_daily.py
[2023-05-26T02:35:14.076+0000] {logging_mixin.py:149} INFO - [2023-05-26T02:35:14.076+0000] {dag.py:2726} INFO - Sync 1 DAGs
[2023-05-26T02:35:14.115+0000] {logging_mixin.py:149} INFO - [2023-05-26T02:35:14.115+0000] {dag.py:3490} INFO - Setting next_dagrun for ohcl_daily to 2023-05-26T00:00:00+00:00, run_after=2023-05-27T00:00:00+00:00
[2023-05-26T02:35:14.135+0000] {processor.py:179} INFO - Processing /opt/airflow/dags/ohcl_daily.py took 0.134 seconds
[2023-05-26T02:35:44.341+0000] {processor.py:157} INFO - Started process (PID=179) to work on /opt/airflow/dags/ohcl_daily.py
[2023-05-26T02:35:44.346+0000] {processor.py:826} INFO - Processing file /opt/airflow/dags/ohcl_daily.py for tasks to queue
[2023-05-26T02:35:44.348+0000] {logging_mixin.py:149} INFO - [2023-05-26T02:35:44.347+0000] {dagbag.py:541} INFO - Filling up the DagBag from /opt/airflow/dags/ohcl_daily.py
[2023-05-26T02:35:44.374+0000] {processor.py:836} INFO - DAG(s) dict_keys(['ohcl_daily']) retrieved from /opt/airflow/dags/ohcl_daily.py
[2023-05-26T02:35:44.416+0000] {logging_mixin.py:149} INFO - [2023-05-26T02:35:44.415+0000] {dag.py:2726} INFO - Sync 1 DAGs
[2023-05-26T02:35:44.446+0000] {logging_mixin.py:149} INFO - [2023-05-26T02:35:44.446+0000] {dag.py:3490} INFO - Setting next_dagrun for ohcl_daily to 2023-05-26T00:00:00+00:00, run_after=2023-05-27T00:00:00+00:00
[2023-05-26T02:35:44.464+0000] {processor.py:179} INFO - Processing /opt/airflow/dags/ohcl_daily.py took 0.130 seconds
[2023-05-26T02:36:14.543+0000] {processor.py:157} INFO - Started process (PID=187) to work on /opt/airflow/dags/ohcl_daily.py
[2023-05-26T02:36:14.547+0000] {processor.py:826} INFO - Processing file /opt/airflow/dags/ohcl_daily.py for tasks to queue
[2023-05-26T02:36:14.547+0000] {logging_mixin.py:149} INFO - [2023-05-26T02:36:14.547+0000] {dagbag.py:541} INFO - Filling up the DagBag from /opt/airflow/dags/ohcl_daily.py
[2023-05-26T02:36:14.564+0000] {processor.py:836} INFO - DAG(s) dict_keys(['ohcl_daily']) retrieved from /opt/airflow/dags/ohcl_daily.py
[2023-05-26T02:36:14.606+0000] {logging_mixin.py:149} INFO - [2023-05-26T02:36:14.606+0000] {dag.py:2726} INFO - Sync 1 DAGs
[2023-05-26T02:36:14.641+0000] {logging_mixin.py:149} INFO - [2023-05-26T02:36:14.641+0000] {dag.py:3490} INFO - Setting next_dagrun for ohcl_daily to 2023-05-26T00:00:00+00:00, run_after=2023-05-27T00:00:00+00:00
[2023-05-26T02:36:14.673+0000] {processor.py:179} INFO - Processing /opt/airflow/dags/ohcl_daily.py took 0.134 seconds
[2023-05-26T02:36:44.892+0000] {processor.py:157} INFO - Started process (PID=195) to work on /opt/airflow/dags/ohcl_daily.py
[2023-05-26T02:36:44.897+0000] {processor.py:826} INFO - Processing file /opt/airflow/dags/ohcl_daily.py for tasks to queue
[2023-05-26T02:36:44.898+0000] {logging_mixin.py:149} INFO - [2023-05-26T02:36:44.898+0000] {dagbag.py:541} INFO - Filling up the DagBag from /opt/airflow/dags/ohcl_daily.py
[2023-05-26T02:36:44.912+0000] {processor.py:836} INFO - DAG(s) dict_keys(['ohcl_daily']) retrieved from /opt/airflow/dags/ohcl_daily.py
[2023-05-26T02:36:44.969+0000] {logging_mixin.py:149} INFO - [2023-05-26T02:36:44.969+0000] {dag.py:2726} INFO - Sync 1 DAGs
[2023-05-26T02:36:45.023+0000] {logging_mixin.py:149} INFO - [2023-05-26T02:36:45.023+0000] {dag.py:3490} INFO - Setting next_dagrun for ohcl_daily to 2023-05-26T00:00:00+00:00, run_after=2023-05-27T00:00:00+00:00
[2023-05-26T02:36:45.049+0000] {processor.py:179} INFO - Processing /opt/airflow/dags/ohcl_daily.py took 0.159 seconds
[2023-05-26T02:37:15.102+0000] {processor.py:157} INFO - Started process (PID=203) to work on /opt/airflow/dags/ohcl_daily.py
[2023-05-26T02:37:15.106+0000] {processor.py:826} INFO - Processing file /opt/airflow/dags/ohcl_daily.py for tasks to queue
[2023-05-26T02:37:15.107+0000] {logging_mixin.py:149} INFO - [2023-05-26T02:37:15.106+0000] {dagbag.py:541} INFO - Filling up the DagBag from /opt/airflow/dags/ohcl_daily.py
[2023-05-26T02:37:15.116+0000] {processor.py:836} INFO - DAG(s) dict_keys(['ohcl_daily']) retrieved from /opt/airflow/dags/ohcl_daily.py
[2023-05-26T02:37:15.148+0000] {logging_mixin.py:149} INFO - [2023-05-26T02:37:15.147+0000] {dag.py:2726} INFO - Sync 1 DAGs
[2023-05-26T02:37:15.195+0000] {logging_mixin.py:149} INFO - [2023-05-26T02:37:15.194+0000] {dag.py:3490} INFO - Setting next_dagrun for ohcl_daily to 2023-05-26T00:00:00+00:00, run_after=2023-05-27T00:00:00+00:00
[2023-05-26T02:37:15.255+0000] {processor.py:179} INFO - Processing /opt/airflow/dags/ohcl_daily.py took 0.154 seconds
[2023-05-26T02:37:45.431+0000] {processor.py:157} INFO - Started process (PID=211) to work on /opt/airflow/dags/ohcl_daily.py
[2023-05-26T02:37:45.431+0000] {processor.py:826} INFO - Processing file /opt/airflow/dags/ohcl_daily.py for tasks to queue
[2023-05-26T02:37:45.432+0000] {logging_mixin.py:149} INFO - [2023-05-26T02:37:45.432+0000] {dagbag.py:541} INFO - Filling up the DagBag from /opt/airflow/dags/ohcl_daily.py
[2023-05-26T02:37:45.446+0000] {processor.py:836} INFO - DAG(s) dict_keys(['ohcl_daily']) retrieved from /opt/airflow/dags/ohcl_daily.py
[2023-05-26T02:37:45.500+0000] {logging_mixin.py:149} INFO - [2023-05-26T02:37:45.500+0000] {dag.py:2726} INFO - Sync 1 DAGs
[2023-05-26T02:37:45.535+0000] {logging_mixin.py:149} INFO - [2023-05-26T02:37:45.534+0000] {dag.py:3490} INFO - Setting next_dagrun for ohcl_daily to 2023-05-26T00:00:00+00:00, run_after=2023-05-27T00:00:00+00:00
[2023-05-26T02:37:45.563+0000] {processor.py:179} INFO - Processing /opt/airflow/dags/ohcl_daily.py took 0.134 seconds
[2023-05-26T02:38:15.641+0000] {processor.py:157} INFO - Started process (PID=218) to work on /opt/airflow/dags/ohcl_daily.py
[2023-05-26T02:38:15.645+0000] {processor.py:826} INFO - Processing file /opt/airflow/dags/ohcl_daily.py for tasks to queue
[2023-05-26T02:38:15.645+0000] {logging_mixin.py:149} INFO - [2023-05-26T02:38:15.645+0000] {dagbag.py:541} INFO - Filling up the DagBag from /opt/airflow/dags/ohcl_daily.py
[2023-05-26T02:38:15.653+0000] {processor.py:836} INFO - DAG(s) dict_keys(['ohcl_daily']) retrieved from /opt/airflow/dags/ohcl_daily.py
[2023-05-26T02:38:15.696+0000] {logging_mixin.py:149} INFO - [2023-05-26T02:38:15.696+0000] {dag.py:2726} INFO - Sync 1 DAGs
[2023-05-26T02:38:15.742+0000] {logging_mixin.py:149} INFO - [2023-05-26T02:38:15.741+0000] {dag.py:3490} INFO - Setting next_dagrun for ohcl_daily to 2023-05-26T00:00:00+00:00, run_after=2023-05-27T00:00:00+00:00
[2023-05-26T02:38:15.771+0000] {processor.py:179} INFO - Processing /opt/airflow/dags/ohcl_daily.py took 0.132 seconds
[2023-05-26T02:38:45.970+0000] {processor.py:157} INFO - Started process (PID=226) to work on /opt/airflow/dags/ohcl_daily.py
[2023-05-26T02:38:45.974+0000] {processor.py:826} INFO - Processing file /opt/airflow/dags/ohcl_daily.py for tasks to queue
[2023-05-26T02:38:45.975+0000] {logging_mixin.py:149} INFO - [2023-05-26T02:38:45.975+0000] {dagbag.py:541} INFO - Filling up the DagBag from /opt/airflow/dags/ohcl_daily.py
[2023-05-26T02:38:45.990+0000] {processor.py:836} INFO - DAG(s) dict_keys(['ohcl_daily']) retrieved from /opt/airflow/dags/ohcl_daily.py
[2023-05-26T02:38:46.045+0000] {logging_mixin.py:149} INFO - [2023-05-26T02:38:46.045+0000] {dag.py:2726} INFO - Sync 1 DAGs
[2023-05-26T02:38:46.090+0000] {logging_mixin.py:149} INFO - [2023-05-26T02:38:46.090+0000] {dag.py:3490} INFO - Setting next_dagrun for ohcl_daily to 2023-05-26T00:00:00+00:00, run_after=2023-05-27T00:00:00+00:00
[2023-05-26T02:38:46.109+0000] {processor.py:179} INFO - Processing /opt/airflow/dags/ohcl_daily.py took 0.141 seconds
[2023-05-26T02:39:16.190+0000] {processor.py:157} INFO - Started process (PID=233) to work on /opt/airflow/dags/ohcl_daily.py
[2023-05-26T02:39:16.191+0000] {processor.py:826} INFO - Processing file /opt/airflow/dags/ohcl_daily.py for tasks to queue
[2023-05-26T02:39:16.191+0000] {logging_mixin.py:149} INFO - [2023-05-26T02:39:16.191+0000] {dagbag.py:541} INFO - Filling up the DagBag from /opt/airflow/dags/ohcl_daily.py
[2023-05-26T02:39:16.205+0000] {processor.py:836} INFO - DAG(s) dict_keys(['ohcl_daily']) retrieved from /opt/airflow/dags/ohcl_daily.py
[2023-05-26T02:39:16.249+0000] {logging_mixin.py:149} INFO - [2023-05-26T02:39:16.249+0000] {dag.py:2726} INFO - Sync 1 DAGs
[2023-05-26T02:39:16.309+0000] {logging_mixin.py:149} INFO - [2023-05-26T02:39:16.308+0000] {dag.py:3490} INFO - Setting next_dagrun for ohcl_daily to 2023-05-26T00:00:00+00:00, run_after=2023-05-27T00:00:00+00:00
[2023-05-26T02:39:16.344+0000] {processor.py:179} INFO - Processing /opt/airflow/dags/ohcl_daily.py took 0.156 seconds
[2023-05-26T02:39:46.527+0000] {processor.py:157} INFO - Started process (PID=241) to work on /opt/airflow/dags/ohcl_daily.py
[2023-05-26T02:39:46.531+0000] {processor.py:826} INFO - Processing file /opt/airflow/dags/ohcl_daily.py for tasks to queue
[2023-05-26T02:39:46.532+0000] {logging_mixin.py:149} INFO - [2023-05-26T02:39:46.531+0000] {dagbag.py:541} INFO - Filling up the DagBag from /opt/airflow/dags/ohcl_daily.py
[2023-05-26T02:39:46.547+0000] {processor.py:836} INFO - DAG(s) dict_keys(['ohcl_daily']) retrieved from /opt/airflow/dags/ohcl_daily.py
[2023-05-26T02:39:46.600+0000] {logging_mixin.py:149} INFO - [2023-05-26T02:39:46.600+0000] {dag.py:2726} INFO - Sync 1 DAGs
[2023-05-26T02:39:46.634+0000] {logging_mixin.py:149} INFO - [2023-05-26T02:39:46.634+0000] {dag.py:3490} INFO - Setting next_dagrun for ohcl_daily to 2023-05-26T00:00:00+00:00, run_after=2023-05-27T00:00:00+00:00
[2023-05-26T02:39:46.652+0000] {processor.py:179} INFO - Processing /opt/airflow/dags/ohcl_daily.py took 0.131 seconds
[2023-05-26T02:40:16.735+0000] {processor.py:157} INFO - Started process (PID=249) to work on /opt/airflow/dags/ohcl_daily.py
[2023-05-26T02:40:16.736+0000] {processor.py:826} INFO - Processing file /opt/airflow/dags/ohcl_daily.py for tasks to queue
[2023-05-26T02:40:16.736+0000] {logging_mixin.py:149} INFO - [2023-05-26T02:40:16.736+0000] {dagbag.py:541} INFO - Filling up the DagBag from /opt/airflow/dags/ohcl_daily.py
[2023-05-26T02:40:16.748+0000] {processor.py:836} INFO - DAG(s) dict_keys(['ohcl_daily']) retrieved from /opt/airflow/dags/ohcl_daily.py
[2023-05-26T02:40:16.795+0000] {logging_mixin.py:149} INFO - [2023-05-26T02:40:16.795+0000] {dag.py:2726} INFO - Sync 1 DAGs
[2023-05-26T02:40:16.830+0000] {logging_mixin.py:149} INFO - [2023-05-26T02:40:16.829+0000] {dag.py:3490} INFO - Setting next_dagrun for ohcl_daily to 2023-05-26T00:00:00+00:00, run_after=2023-05-27T00:00:00+00:00
[2023-05-26T02:40:16.855+0000] {processor.py:179} INFO - Processing /opt/airflow/dags/ohcl_daily.py took 0.122 seconds
[2023-05-26T02:40:47.010+0000] {processor.py:157} INFO - Started process (PID=257) to work on /opt/airflow/dags/ohcl_daily.py
[2023-05-26T02:40:47.014+0000] {processor.py:826} INFO - Processing file /opt/airflow/dags/ohcl_daily.py for tasks to queue
[2023-05-26T02:40:47.015+0000] {logging_mixin.py:149} INFO - [2023-05-26T02:40:47.015+0000] {dagbag.py:541} INFO - Filling up the DagBag from /opt/airflow/dags/ohcl_daily.py
[2023-05-26T02:40:47.027+0000] {processor.py:836} INFO - DAG(s) dict_keys(['ohcl_daily']) retrieved from /opt/airflow/dags/ohcl_daily.py
[2023-05-26T02:40:47.086+0000] {logging_mixin.py:149} INFO - [2023-05-26T02:40:47.086+0000] {dag.py:2726} INFO - Sync 1 DAGs
[2023-05-26T02:40:47.132+0000] {logging_mixin.py:149} INFO - [2023-05-26T02:40:47.132+0000] {dag.py:3490} INFO - Setting next_dagrun for ohcl_daily to 2023-05-26T00:00:00+00:00, run_after=2023-05-27T00:00:00+00:00
[2023-05-26T02:40:47.158+0000] {processor.py:179} INFO - Processing /opt/airflow/dags/ohcl_daily.py took 0.151 seconds
[2023-05-26T02:41:17.261+0000] {processor.py:157} INFO - Started process (PID=265) to work on /opt/airflow/dags/ohcl_daily.py
[2023-05-26T02:41:17.265+0000] {processor.py:826} INFO - Processing file /opt/airflow/dags/ohcl_daily.py for tasks to queue
[2023-05-26T02:41:17.265+0000] {logging_mixin.py:149} INFO - [2023-05-26T02:41:17.265+0000] {dagbag.py:541} INFO - Filling up the DagBag from /opt/airflow/dags/ohcl_daily.py
[2023-05-26T02:41:17.280+0000] {processor.py:836} INFO - DAG(s) dict_keys(['ohcl_daily']) retrieved from /opt/airflow/dags/ohcl_daily.py
[2023-05-26T02:41:17.343+0000] {logging_mixin.py:149} INFO - [2023-05-26T02:41:17.343+0000] {dag.py:2726} INFO - Sync 1 DAGs
[2023-05-26T02:41:17.379+0000] {logging_mixin.py:149} INFO - [2023-05-26T02:41:17.379+0000] {dag.py:3490} INFO - Setting next_dagrun for ohcl_daily to 2023-05-26T00:00:00+00:00, run_after=2023-05-27T00:00:00+00:00
[2023-05-26T02:41:17.402+0000] {processor.py:179} INFO - Processing /opt/airflow/dags/ohcl_daily.py took 0.144 seconds
[2023-05-26T02:41:47.564+0000] {processor.py:157} INFO - Started process (PID=273) to work on /opt/airflow/dags/ohcl_daily.py
[2023-05-26T02:41:47.567+0000] {processor.py:826} INFO - Processing file /opt/airflow/dags/ohcl_daily.py for tasks to queue
[2023-05-26T02:41:47.568+0000] {logging_mixin.py:149} INFO - [2023-05-26T02:41:47.568+0000] {dagbag.py:541} INFO - Filling up the DagBag from /opt/airflow/dags/ohcl_daily.py
[2023-05-26T02:41:47.579+0000] {processor.py:836} INFO - DAG(s) dict_keys(['ohcl_daily']) retrieved from /opt/airflow/dags/ohcl_daily.py
[2023-05-26T02:41:47.616+0000] {logging_mixin.py:149} INFO - [2023-05-26T02:41:47.616+0000] {dag.py:2726} INFO - Sync 1 DAGs
[2023-05-26T02:41:47.662+0000] {logging_mixin.py:149} INFO - [2023-05-26T02:41:47.662+0000] {dag.py:3490} INFO - Setting next_dagrun for ohcl_daily to 2023-05-26T00:00:00+00:00, run_after=2023-05-27T00:00:00+00:00
[2023-05-26T02:41:47.689+0000] {processor.py:179} INFO - Processing /opt/airflow/dags/ohcl_daily.py took 0.128 seconds
[2023-05-26T02:42:17.779+0000] {processor.py:157} INFO - Started process (PID=281) to work on /opt/airflow/dags/ohcl_daily.py
[2023-05-26T02:42:17.784+0000] {processor.py:826} INFO - Processing file /opt/airflow/dags/ohcl_daily.py for tasks to queue
[2023-05-26T02:42:17.785+0000] {logging_mixin.py:149} INFO - [2023-05-26T02:42:17.785+0000] {dagbag.py:541} INFO - Filling up the DagBag from /opt/airflow/dags/ohcl_daily.py
[2023-05-26T02:42:17.799+0000] {processor.py:836} INFO - DAG(s) dict_keys(['ohcl_daily']) retrieved from /opt/airflow/dags/ohcl_daily.py
[2023-05-26T02:42:17.837+0000] {logging_mixin.py:149} INFO - [2023-05-26T02:42:17.837+0000] {dag.py:2726} INFO - Sync 1 DAGs
[2023-05-26T02:42:17.869+0000] {logging_mixin.py:149} INFO - [2023-05-26T02:42:17.869+0000] {dag.py:3490} INFO - Setting next_dagrun for ohcl_daily to 2023-05-26T00:00:00+00:00, run_after=2023-05-27T00:00:00+00:00
[2023-05-26T02:42:17.900+0000] {processor.py:179} INFO - Processing /opt/airflow/dags/ohcl_daily.py took 0.125 seconds
[2023-05-26T02:42:48.075+0000] {processor.py:157} INFO - Started process (PID=289) to work on /opt/airflow/dags/ohcl_daily.py
[2023-05-26T02:42:48.080+0000] {processor.py:826} INFO - Processing file /opt/airflow/dags/ohcl_daily.py for tasks to queue
[2023-05-26T02:42:48.082+0000] {logging_mixin.py:149} INFO - [2023-05-26T02:42:48.081+0000] {dagbag.py:541} INFO - Filling up the DagBag from /opt/airflow/dags/ohcl_daily.py
[2023-05-26T02:42:48.109+0000] {processor.py:836} INFO - DAG(s) dict_keys(['ohcl_daily']) retrieved from /opt/airflow/dags/ohcl_daily.py
[2023-05-26T02:42:48.168+0000] {logging_mixin.py:149} INFO - [2023-05-26T02:42:48.168+0000] {dag.py:2726} INFO - Sync 1 DAGs
[2023-05-26T02:42:48.213+0000] {logging_mixin.py:149} INFO - [2023-05-26T02:42:48.213+0000] {dag.py:3490} INFO - Setting next_dagrun for ohcl_daily to 2023-05-26T00:00:00+00:00, run_after=2023-05-27T00:00:00+00:00
[2023-05-26T02:42:48.242+0000] {processor.py:179} INFO - Processing /opt/airflow/dags/ohcl_daily.py took 0.176 seconds
[2023-05-26T02:43:18.300+0000] {processor.py:157} INFO - Started process (PID=297) to work on /opt/airflow/dags/ohcl_daily.py
[2023-05-26T02:43:18.305+0000] {processor.py:826} INFO - Processing file /opt/airflow/dags/ohcl_daily.py for tasks to queue
[2023-05-26T02:43:18.306+0000] {logging_mixin.py:149} INFO - [2023-05-26T02:43:18.306+0000] {dagbag.py:541} INFO - Filling up the DagBag from /opt/airflow/dags/ohcl_daily.py
[2023-05-26T02:43:18.320+0000] {processor.py:836} INFO - DAG(s) dict_keys(['ohcl_daily']) retrieved from /opt/airflow/dags/ohcl_daily.py
[2023-05-26T02:43:18.357+0000] {logging_mixin.py:149} INFO - [2023-05-26T02:43:18.356+0000] {dag.py:2726} INFO - Sync 1 DAGs
[2023-05-26T02:43:18.400+0000] {logging_mixin.py:149} INFO - [2023-05-26T02:43:18.399+0000] {dag.py:3490} INFO - Setting next_dagrun for ohcl_daily to 2023-05-26T00:00:00+00:00, run_after=2023-05-27T00:00:00+00:00
[2023-05-26T02:43:18.439+0000] {processor.py:179} INFO - Processing /opt/airflow/dags/ohcl_daily.py took 0.145 seconds
[2023-05-26T02:43:48.614+0000] {processor.py:157} INFO - Started process (PID=305) to work on /opt/airflow/dags/ohcl_daily.py
[2023-05-26T02:43:48.619+0000] {processor.py:826} INFO - Processing file /opt/airflow/dags/ohcl_daily.py for tasks to queue
[2023-05-26T02:43:48.620+0000] {logging_mixin.py:149} INFO - [2023-05-26T02:43:48.620+0000] {dagbag.py:541} INFO - Filling up the DagBag from /opt/airflow/dags/ohcl_daily.py
[2023-05-26T02:43:48.631+0000] {processor.py:836} INFO - DAG(s) dict_keys(['ohcl_daily']) retrieved from /opt/airflow/dags/ohcl_daily.py
[2023-05-26T02:43:48.671+0000] {logging_mixin.py:149} INFO - [2023-05-26T02:43:48.671+0000] {dag.py:2726} INFO - Sync 1 DAGs
[2023-05-26T02:43:48.707+0000] {logging_mixin.py:149} INFO - [2023-05-26T02:43:48.707+0000] {dag.py:3490} INFO - Setting next_dagrun for ohcl_daily to 2023-05-26T00:00:00+00:00, run_after=2023-05-27T00:00:00+00:00
[2023-05-26T02:43:48.737+0000] {processor.py:179} INFO - Processing /opt/airflow/dags/ohcl_daily.py took 0.127 seconds
[2023-05-26T02:44:18.818+0000] {processor.py:157} INFO - Started process (PID=313) to work on /opt/airflow/dags/ohcl_daily.py
[2023-05-26T02:44:18.820+0000] {processor.py:826} INFO - Processing file /opt/airflow/dags/ohcl_daily.py for tasks to queue
[2023-05-26T02:44:18.822+0000] {logging_mixin.py:149} INFO - [2023-05-26T02:44:18.822+0000] {dagbag.py:541} INFO - Filling up the DagBag from /opt/airflow/dags/ohcl_daily.py
[2023-05-26T02:44:18.851+0000] {processor.py:836} INFO - DAG(s) dict_keys(['ohcl_daily']) retrieved from /opt/airflow/dags/ohcl_daily.py
[2023-05-26T02:44:18.908+0000] {logging_mixin.py:149} INFO - [2023-05-26T02:44:18.908+0000] {dag.py:2726} INFO - Sync 1 DAGs
[2023-05-26T02:44:18.949+0000] {logging_mixin.py:149} INFO - [2023-05-26T02:44:18.949+0000] {dag.py:3490} INFO - Setting next_dagrun for ohcl_daily to 2023-05-26T00:00:00+00:00, run_after=2023-05-27T00:00:00+00:00
[2023-05-26T02:44:18.979+0000] {processor.py:179} INFO - Processing /opt/airflow/dags/ohcl_daily.py took 0.164 seconds
[2023-05-26T02:44:49.130+0000] {processor.py:157} INFO - Started process (PID=321) to work on /opt/airflow/dags/ohcl_daily.py
[2023-05-26T02:44:49.131+0000] {processor.py:826} INFO - Processing file /opt/airflow/dags/ohcl_daily.py for tasks to queue
[2023-05-26T02:44:49.131+0000] {logging_mixin.py:149} INFO - [2023-05-26T02:44:49.131+0000] {dagbag.py:541} INFO - Filling up the DagBag from /opt/airflow/dags/ohcl_daily.py
[2023-05-26T02:44:49.138+0000] {processor.py:836} INFO - DAG(s) dict_keys(['ohcl_daily']) retrieved from /opt/airflow/dags/ohcl_daily.py
[2023-05-26T02:44:49.186+0000] {logging_mixin.py:149} INFO - [2023-05-26T02:44:49.186+0000] {dag.py:2726} INFO - Sync 1 DAGs
[2023-05-26T02:44:49.217+0000] {logging_mixin.py:149} INFO - [2023-05-26T02:44:49.216+0000] {dag.py:3490} INFO - Setting next_dagrun for ohcl_daily to 2023-05-26T00:00:00+00:00, run_after=2023-05-27T00:00:00+00:00
[2023-05-26T02:44:49.248+0000] {processor.py:179} INFO - Processing /opt/airflow/dags/ohcl_daily.py took 0.121 seconds
[2023-05-26T02:45:19.349+0000] {processor.py:157} INFO - Started process (PID=329) to work on /opt/airflow/dags/ohcl_daily.py
[2023-05-26T02:45:19.349+0000] {processor.py:826} INFO - Processing file /opt/airflow/dags/ohcl_daily.py for tasks to queue
[2023-05-26T02:45:19.350+0000] {logging_mixin.py:149} INFO - [2023-05-26T02:45:19.350+0000] {dagbag.py:541} INFO - Filling up the DagBag from /opt/airflow/dags/ohcl_daily.py
[2023-05-26T02:45:19.356+0000] {processor.py:836} INFO - DAG(s) dict_keys(['ohcl_daily']) retrieved from /opt/airflow/dags/ohcl_daily.py
[2023-05-26T02:45:19.375+0000] {logging_mixin.py:149} INFO - [2023-05-26T02:45:19.374+0000] {dag.py:2726} INFO - Sync 1 DAGs
[2023-05-26T02:45:19.392+0000] {logging_mixin.py:149} INFO - [2023-05-26T02:45:19.392+0000] {dag.py:3490} INFO - Setting next_dagrun for ohcl_daily to 2023-05-26T00:00:00+00:00, run_after=2023-05-27T00:00:00+00:00
[2023-05-26T02:45:19.404+0000] {processor.py:179} INFO - Processing /opt/airflow/dags/ohcl_daily.py took 0.058 seconds
[2023-05-26T02:45:49.579+0000] {processor.py:157} INFO - Started process (PID=337) to work on /opt/airflow/dags/ohcl_daily.py
[2023-05-26T02:45:49.583+0000] {processor.py:826} INFO - Processing file /opt/airflow/dags/ohcl_daily.py for tasks to queue
[2023-05-26T02:45:49.584+0000] {logging_mixin.py:149} INFO - [2023-05-26T02:45:49.584+0000] {dagbag.py:541} INFO - Filling up the DagBag from /opt/airflow/dags/ohcl_daily.py
[2023-05-26T02:45:49.596+0000] {processor.py:836} INFO - DAG(s) dict_keys(['ohcl_daily']) retrieved from /opt/airflow/dags/ohcl_daily.py
[2023-05-26T02:45:49.667+0000] {logging_mixin.py:149} INFO - [2023-05-26T02:45:49.667+0000] {dag.py:2726} INFO - Sync 1 DAGs
[2023-05-26T02:45:49.691+0000] {logging_mixin.py:149} INFO - [2023-05-26T02:45:49.691+0000] {dag.py:3490} INFO - Setting next_dagrun for ohcl_daily to 2023-05-26T00:00:00+00:00, run_after=2023-05-27T00:00:00+00:00
[2023-05-26T02:45:49.703+0000] {processor.py:179} INFO - Processing /opt/airflow/dags/ohcl_daily.py took 0.129 seconds
[2023-05-26T02:46:19.767+0000] {processor.py:157} INFO - Started process (PID=345) to work on /opt/airflow/dags/ohcl_daily.py
[2023-05-26T02:46:19.767+0000] {processor.py:826} INFO - Processing file /opt/airflow/dags/ohcl_daily.py for tasks to queue
[2023-05-26T02:46:19.768+0000] {logging_mixin.py:149} INFO - [2023-05-26T02:46:19.768+0000] {dagbag.py:541} INFO - Filling up the DagBag from /opt/airflow/dags/ohcl_daily.py
[2023-05-26T02:46:19.774+0000] {processor.py:836} INFO - DAG(s) dict_keys(['ohcl_daily']) retrieved from /opt/airflow/dags/ohcl_daily.py
[2023-05-26T02:46:19.793+0000] {logging_mixin.py:149} INFO - [2023-05-26T02:46:19.793+0000] {dag.py:2726} INFO - Sync 1 DAGs
[2023-05-26T02:46:19.812+0000] {logging_mixin.py:149} INFO - [2023-05-26T02:46:19.812+0000] {dag.py:3490} INFO - Setting next_dagrun for ohcl_daily to 2023-05-26T00:00:00+00:00, run_after=2023-05-27T00:00:00+00:00
[2023-05-26T02:46:19.825+0000] {processor.py:179} INFO - Processing /opt/airflow/dags/ohcl_daily.py took 0.060 seconds
[2023-05-26T02:46:50.040+0000] {processor.py:157} INFO - Started process (PID=353) to work on /opt/airflow/dags/ohcl_daily.py
[2023-05-26T02:46:50.044+0000] {processor.py:826} INFO - Processing file /opt/airflow/dags/ohcl_daily.py for tasks to queue
[2023-05-26T02:46:50.045+0000] {logging_mixin.py:149} INFO - [2023-05-26T02:46:50.045+0000] {dagbag.py:541} INFO - Filling up the DagBag from /opt/airflow/dags/ohcl_daily.py
[2023-05-26T02:46:50.060+0000] {processor.py:836} INFO - DAG(s) dict_keys(['ohcl_daily']) retrieved from /opt/airflow/dags/ohcl_daily.py
[2023-05-26T02:46:50.088+0000] {logging_mixin.py:149} INFO - [2023-05-26T02:46:50.088+0000] {dag.py:2726} INFO - Sync 1 DAGs
[2023-05-26T02:46:50.107+0000] {logging_mixin.py:149} INFO - [2023-05-26T02:46:50.107+0000] {dag.py:3490} INFO - Setting next_dagrun for ohcl_daily to 2023-05-26T00:00:00+00:00, run_after=2023-05-27T00:00:00+00:00
[2023-05-26T02:46:50.124+0000] {processor.py:179} INFO - Processing /opt/airflow/dags/ohcl_daily.py took 0.088 seconds
[2023-05-26T02:47:20.261+0000] {processor.py:157} INFO - Started process (PID=361) to work on /opt/airflow/dags/ohcl_daily.py
[2023-05-26T02:47:20.265+0000] {processor.py:826} INFO - Processing file /opt/airflow/dags/ohcl_daily.py for tasks to queue
[2023-05-26T02:47:20.265+0000] {logging_mixin.py:149} INFO - [2023-05-26T02:47:20.265+0000] {dagbag.py:541} INFO - Filling up the DagBag from /opt/airflow/dags/ohcl_daily.py
[2023-05-26T02:47:20.272+0000] {processor.py:836} INFO - DAG(s) dict_keys(['ohcl_daily']) retrieved from /opt/airflow/dags/ohcl_daily.py
[2023-05-26T02:47:20.291+0000] {logging_mixin.py:149} INFO - [2023-05-26T02:47:20.290+0000] {dag.py:2726} INFO - Sync 1 DAGs
[2023-05-26T02:47:20.309+0000] {logging_mixin.py:149} INFO - [2023-05-26T02:47:20.309+0000] {dag.py:3490} INFO - Setting next_dagrun for ohcl_daily to 2023-05-26T00:00:00+00:00, run_after=2023-05-27T00:00:00+00:00
[2023-05-26T02:47:20.321+0000] {processor.py:179} INFO - Processing /opt/airflow/dags/ohcl_daily.py took 0.061 seconds
[2023-05-26T02:47:50.557+0000] {processor.py:157} INFO - Started process (PID=369) to work on /opt/airflow/dags/ohcl_daily.py
[2023-05-26T02:47:50.561+0000] {processor.py:826} INFO - Processing file /opt/airflow/dags/ohcl_daily.py for tasks to queue
[2023-05-26T02:47:50.562+0000] {logging_mixin.py:149} INFO - [2023-05-26T02:47:50.562+0000] {dagbag.py:541} INFO - Filling up the DagBag from /opt/airflow/dags/ohcl_daily.py
[2023-05-26T02:47:50.577+0000] {processor.py:836} INFO - DAG(s) dict_keys(['ohcl_daily']) retrieved from /opt/airflow/dags/ohcl_daily.py
[2023-05-26T02:47:50.603+0000] {logging_mixin.py:149} INFO - [2023-05-26T02:47:50.602+0000] {dag.py:2726} INFO - Sync 1 DAGs
[2023-05-26T02:47:50.621+0000] {logging_mixin.py:149} INFO - [2023-05-26T02:47:50.621+0000] {dag.py:3490} INFO - Setting next_dagrun for ohcl_daily to 2023-05-26T00:00:00+00:00, run_after=2023-05-27T00:00:00+00:00
[2023-05-26T02:47:50.636+0000] {processor.py:179} INFO - Processing /opt/airflow/dags/ohcl_daily.py took 0.086 seconds
[2023-05-26T02:48:20.797+0000] {processor.py:157} INFO - Started process (PID=377) to work on /opt/airflow/dags/ohcl_daily.py
[2023-05-26T02:48:20.801+0000] {processor.py:826} INFO - Processing file /opt/airflow/dags/ohcl_daily.py for tasks to queue
[2023-05-26T02:48:20.802+0000] {logging_mixin.py:149} INFO - [2023-05-26T02:48:20.802+0000] {dagbag.py:541} INFO - Filling up the DagBag from /opt/airflow/dags/ohcl_daily.py
[2023-05-26T02:48:20.821+0000] {processor.py:836} INFO - DAG(s) dict_keys(['ohcl_daily']) retrieved from /opt/airflow/dags/ohcl_daily.py
[2023-05-26T02:48:20.850+0000] {logging_mixin.py:149} INFO - [2023-05-26T02:48:20.850+0000] {dag.py:2726} INFO - Sync 1 DAGs
[2023-05-26T02:48:20.868+0000] {logging_mixin.py:149} INFO - [2023-05-26T02:48:20.868+0000] {dag.py:3490} INFO - Setting next_dagrun for ohcl_daily to 2023-05-26T00:00:00+00:00, run_after=2023-05-27T00:00:00+00:00
[2023-05-26T02:48:20.884+0000] {processor.py:179} INFO - Processing /opt/airflow/dags/ohcl_daily.py took 0.091 seconds
[2023-05-26T02:48:51.068+0000] {processor.py:157} INFO - Started process (PID=385) to work on /opt/airflow/dags/ohcl_daily.py
[2023-05-26T02:48:51.069+0000] {processor.py:826} INFO - Processing file /opt/airflow/dags/ohcl_daily.py for tasks to queue
[2023-05-26T02:48:51.070+0000] {logging_mixin.py:149} INFO - [2023-05-26T02:48:51.070+0000] {dagbag.py:541} INFO - Filling up the DagBag from /opt/airflow/dags/ohcl_daily.py
[2023-05-26T02:48:51.084+0000] {processor.py:836} INFO - DAG(s) dict_keys(['ohcl_daily']) retrieved from /opt/airflow/dags/ohcl_daily.py
[2023-05-26T02:48:51.114+0000] {logging_mixin.py:149} INFO - [2023-05-26T02:48:51.114+0000] {dag.py:2726} INFO - Sync 1 DAGs
[2023-05-26T02:48:51.137+0000] {logging_mixin.py:149} INFO - [2023-05-26T02:48:51.137+0000] {dag.py:3490} INFO - Setting next_dagrun for ohcl_daily to 2023-05-26T00:00:00+00:00, run_after=2023-05-27T00:00:00+00:00
[2023-05-26T02:48:51.152+0000] {processor.py:179} INFO - Processing /opt/airflow/dags/ohcl_daily.py took 0.089 seconds
[2023-05-26T02:49:21.282+0000] {processor.py:157} INFO - Started process (PID=394) to work on /opt/airflow/dags/ohcl_daily.py
[2023-05-26T02:49:21.283+0000] {processor.py:826} INFO - Processing file /opt/airflow/dags/ohcl_daily.py for tasks to queue
[2023-05-26T02:49:21.283+0000] {logging_mixin.py:149} INFO - [2023-05-26T02:49:21.283+0000] {dagbag.py:541} INFO - Filling up the DagBag from /opt/airflow/dags/ohcl_daily.py
[2023-05-26T02:49:21.297+0000] {processor.py:836} INFO - DAG(s) dict_keys(['ohcl_daily']) retrieved from /opt/airflow/dags/ohcl_daily.py
[2023-05-26T02:49:21.331+0000] {logging_mixin.py:149} INFO - [2023-05-26T02:49:21.331+0000] {dag.py:2726} INFO - Sync 1 DAGs
[2023-05-26T02:49:21.351+0000] {logging_mixin.py:149} INFO - [2023-05-26T02:49:21.351+0000] {dag.py:3490} INFO - Setting next_dagrun for ohcl_daily to 2023-05-26T00:00:00+00:00, run_after=2023-05-27T00:00:00+00:00
[2023-05-26T02:49:21.366+0000] {processor.py:179} INFO - Processing /opt/airflow/dags/ohcl_daily.py took 0.089 seconds
[2023-05-26T02:49:51.555+0000] {processor.py:157} INFO - Started process (PID=402) to work on /opt/airflow/dags/ohcl_daily.py
[2023-05-26T02:49:51.559+0000] {processor.py:826} INFO - Processing file /opt/airflow/dags/ohcl_daily.py for tasks to queue
[2023-05-26T02:49:51.560+0000] {logging_mixin.py:149} INFO - [2023-05-26T02:49:51.560+0000] {dagbag.py:541} INFO - Filling up the DagBag from /opt/airflow/dags/ohcl_daily.py
[2023-05-26T02:49:51.572+0000] {processor.py:836} INFO - DAG(s) dict_keys(['ohcl_daily']) retrieved from /opt/airflow/dags/ohcl_daily.py
[2023-05-26T02:49:51.606+0000] {logging_mixin.py:149} INFO - [2023-05-26T02:49:51.605+0000] {dag.py:2726} INFO - Sync 1 DAGs
[2023-05-26T02:49:51.627+0000] {logging_mixin.py:149} INFO - [2023-05-26T02:49:51.627+0000] {dag.py:3490} INFO - Setting next_dagrun for ohcl_daily to 2023-05-26T00:00:00+00:00, run_after=2023-05-27T00:00:00+00:00
[2023-05-26T02:49:51.643+0000] {processor.py:179} INFO - Processing /opt/airflow/dags/ohcl_daily.py took 0.092 seconds
[2023-05-26T02:50:21.779+0000] {processor.py:157} INFO - Started process (PID=410) to work on /opt/airflow/dags/ohcl_daily.py
[2023-05-26T02:50:21.783+0000] {processor.py:826} INFO - Processing file /opt/airflow/dags/ohcl_daily.py for tasks to queue
[2023-05-26T02:50:21.785+0000] {logging_mixin.py:149} INFO - [2023-05-26T02:50:21.785+0000] {dagbag.py:541} INFO - Filling up the DagBag from /opt/airflow/dags/ohcl_daily.py
[2023-05-26T02:50:21.816+0000] {processor.py:836} INFO - DAG(s) dict_keys(['ohcl_daily']) retrieved from /opt/airflow/dags/ohcl_daily.py
[2023-05-26T02:50:21.851+0000] {logging_mixin.py:149} INFO - [2023-05-26T02:50:21.851+0000] {dag.py:2726} INFO - Sync 1 DAGs
[2023-05-26T02:50:21.874+0000] {logging_mixin.py:149} INFO - [2023-05-26T02:50:21.874+0000] {dag.py:3490} INFO - Setting next_dagrun for ohcl_daily to 2023-05-26T00:00:00+00:00, run_after=2023-05-27T00:00:00+00:00
[2023-05-26T02:50:21.897+0000] {processor.py:179} INFO - Processing /opt/airflow/dags/ohcl_daily.py took 0.120 seconds
[2023-05-26T02:50:52.050+0000] {processor.py:157} INFO - Started process (PID=418) to work on /opt/airflow/dags/ohcl_daily.py
[2023-05-26T02:50:52.054+0000] {processor.py:826} INFO - Processing file /opt/airflow/dags/ohcl_daily.py for tasks to queue
[2023-05-26T02:50:52.055+0000] {logging_mixin.py:149} INFO - [2023-05-26T02:50:52.055+0000] {dagbag.py:541} INFO - Filling up the DagBag from /opt/airflow/dags/ohcl_daily.py
[2023-05-26T02:50:52.073+0000] {processor.py:836} INFO - DAG(s) dict_keys(['ohcl_daily']) retrieved from /opt/airflow/dags/ohcl_daily.py
[2023-05-26T02:50:52.102+0000] {logging_mixin.py:149} INFO - [2023-05-26T02:50:52.102+0000] {dag.py:2726} INFO - Sync 1 DAGs
[2023-05-26T02:50:52.121+0000] {logging_mixin.py:149} INFO - [2023-05-26T02:50:52.121+0000] {dag.py:3490} INFO - Setting next_dagrun for ohcl_daily to 2023-05-26T00:00:00+00:00, run_after=2023-05-27T00:00:00+00:00
[2023-05-26T02:50:52.136+0000] {processor.py:179} INFO - Processing /opt/airflow/dags/ohcl_daily.py took 0.090 seconds
[2023-05-26T02:51:22.337+0000] {processor.py:157} INFO - Started process (PID=426) to work on /opt/airflow/dags/ohcl_daily.py
[2023-05-26T02:51:22.341+0000] {processor.py:826} INFO - Processing file /opt/airflow/dags/ohcl_daily.py for tasks to queue
[2023-05-26T02:51:22.341+0000] {logging_mixin.py:149} INFO - [2023-05-26T02:51:22.341+0000] {dagbag.py:541} INFO - Filling up the DagBag from /opt/airflow/dags/ohcl_daily.py
[2023-05-26T02:51:22.355+0000] {processor.py:836} INFO - DAG(s) dict_keys(['ohcl_daily']) retrieved from /opt/airflow/dags/ohcl_daily.py
[2023-05-26T02:51:22.390+0000] {logging_mixin.py:149} INFO - [2023-05-26T02:51:22.389+0000] {dag.py:2726} INFO - Sync 1 DAGs
[2023-05-26T02:51:22.409+0000] {logging_mixin.py:149} INFO - [2023-05-26T02:51:22.409+0000] {dag.py:3490} INFO - Setting next_dagrun for ohcl_daily to 2023-05-26T00:00:00+00:00, run_after=2023-05-27T00:00:00+00:00
[2023-05-26T02:51:22.424+0000] {processor.py:179} INFO - Processing /opt/airflow/dags/ohcl_daily.py took 0.092 seconds
[2023-05-26T02:51:52.581+0000] {processor.py:157} INFO - Started process (PID=434) to work on /opt/airflow/dags/ohcl_daily.py
[2023-05-26T02:51:52.584+0000] {processor.py:826} INFO - Processing file /opt/airflow/dags/ohcl_daily.py for tasks to queue
[2023-05-26T02:51:52.585+0000] {logging_mixin.py:149} INFO - [2023-05-26T02:51:52.585+0000] {dagbag.py:541} INFO - Filling up the DagBag from /opt/airflow/dags/ohcl_daily.py
[2023-05-26T02:51:52.591+0000] {processor.py:836} INFO - DAG(s) dict_keys(['ohcl_daily']) retrieved from /opt/airflow/dags/ohcl_daily.py
[2023-05-26T02:51:52.650+0000] {logging_mixin.py:149} INFO - [2023-05-26T02:51:52.650+0000] {dag.py:2726} INFO - Sync 1 DAGs
[2023-05-26T02:51:52.675+0000] {logging_mixin.py:149} INFO - [2023-05-26T02:51:52.675+0000] {dag.py:3490} INFO - Setting next_dagrun for ohcl_daily to 2023-05-26T00:00:00+00:00, run_after=2023-05-27T00:00:00+00:00
[2023-05-26T02:51:52.689+0000] {processor.py:179} INFO - Processing /opt/airflow/dags/ohcl_daily.py took 0.110 seconds
[2023-05-26T02:52:22.813+0000] {processor.py:157} INFO - Started process (PID=442) to work on /opt/airflow/dags/ohcl_daily.py
[2023-05-26T02:52:22.817+0000] {processor.py:826} INFO - Processing file /opt/airflow/dags/ohcl_daily.py for tasks to queue
[2023-05-26T02:52:22.817+0000] {logging_mixin.py:149} INFO - [2023-05-26T02:52:22.817+0000] {dagbag.py:541} INFO - Filling up the DagBag from /opt/airflow/dags/ohcl_daily.py
[2023-05-26T02:52:22.824+0000] {processor.py:836} INFO - DAG(s) dict_keys(['ohcl_daily']) retrieved from /opt/airflow/dags/ohcl_daily.py
[2023-05-26T02:52:22.842+0000] {logging_mixin.py:149} INFO - [2023-05-26T02:52:22.842+0000] {dag.py:2726} INFO - Sync 1 DAGs
[2023-05-26T02:52:22.861+0000] {logging_mixin.py:149} INFO - [2023-05-26T02:52:22.860+0000] {dag.py:3490} INFO - Setting next_dagrun for ohcl_daily to 2023-05-26T00:00:00+00:00, run_after=2023-05-27T00:00:00+00:00
[2023-05-26T02:52:22.873+0000] {processor.py:179} INFO - Processing /opt/airflow/dags/ohcl_daily.py took 0.062 seconds
[2023-05-26T02:52:53.065+0000] {processor.py:157} INFO - Started process (PID=450) to work on /opt/airflow/dags/ohcl_daily.py
[2023-05-26T02:52:53.066+0000] {processor.py:826} INFO - Processing file /opt/airflow/dags/ohcl_daily.py for tasks to queue
[2023-05-26T02:52:53.067+0000] {logging_mixin.py:149} INFO - [2023-05-26T02:52:53.067+0000] {dagbag.py:541} INFO - Filling up the DagBag from /opt/airflow/dags/ohcl_daily.py
[2023-05-26T02:52:53.082+0000] {processor.py:836} INFO - DAG(s) dict_keys(['ohcl_daily']) retrieved from /opt/airflow/dags/ohcl_daily.py
[2023-05-26T02:52:53.110+0000] {logging_mixin.py:149} INFO - [2023-05-26T02:52:53.110+0000] {dag.py:2726} INFO - Sync 1 DAGs
[2023-05-26T02:52:53.130+0000] {logging_mixin.py:149} INFO - [2023-05-26T02:52:53.130+0000] {dag.py:3490} INFO - Setting next_dagrun for ohcl_daily to 2023-05-26T00:00:00+00:00, run_after=2023-05-27T00:00:00+00:00
[2023-05-26T02:52:53.142+0000] {processor.py:179} INFO - Processing /opt/airflow/dags/ohcl_daily.py took 0.083 seconds
