[2023-05-26T02:28:43.643+0000] {taskinstance.py:1103} INFO - Dependencies all met for dep_context=non-requeueable deps ti=<TaskInstance: ohcl_daily.clean_data scheduled__2023-05-25T00:00:00+00:00 [queued]>
[2023-05-26T02:28:43.649+0000] {taskinstance.py:1103} INFO - Dependencies all met for dep_context=requeueable deps ti=<TaskInstance: ohcl_daily.clean_data scheduled__2023-05-25T00:00:00+00:00 [queued]>
[2023-05-26T02:28:43.649+0000] {taskinstance.py:1308} INFO - Starting attempt 1 of 1
[2023-05-26T02:28:43.664+0000] {taskinstance.py:1327} INFO - Executing <Task(PythonOperator): clean_data> on 2023-05-25 00:00:00+00:00
[2023-05-26T02:28:43.672+0000] {standard_task_runner.py:57} INFO - Started process 146 to run task
[2023-05-26T02:28:43.676+0000] {standard_task_runner.py:84} INFO - Running: ['***', 'tasks', 'run', 'ohcl_daily', 'clean_data', 'scheduled__2023-05-25T00:00:00+00:00', '--job-id', '4', '--raw', '--subdir', 'DAGS_FOLDER/ohcl_daily.py', '--cfg-path', '/tmp/tmp4yxnr2_t']
[2023-05-26T02:28:43.677+0000] {standard_task_runner.py:85} INFO - Job 4: Subtask clean_data
[2023-05-26T02:28:43.735+0000] {task_command.py:410} INFO - Running <TaskInstance: ohcl_daily.clean_data scheduled__2023-05-25T00:00:00+00:00 [running]> on host 201885925c57
[2023-05-26T02:28:43.831+0000] {taskinstance.py:1547} INFO - Exporting env vars: AIRFLOW_CTX_DAG_OWNER='***' AIRFLOW_CTX_DAG_ID='ohcl_daily' AIRFLOW_CTX_TASK_ID='clean_data' AIRFLOW_CTX_EXECUTION_DATE='2023-05-25T00:00:00+00:00' AIRFLOW_CTX_TRY_NUMBER='1' AIRFLOW_CTX_DAG_RUN_ID='scheduled__2023-05-25T00:00:00+00:00'
[2023-05-26T02:28:44.470+0000] {ohcl_daily.py:62} INFO - Loaded 0/8049
[2023-05-26T02:28:49.369+0000] {ohcl_daily.py:62} INFO - Loaded 1000/8049
[2023-05-26T02:28:54.409+0000] {ohcl_daily.py:62} INFO - Loaded 2000/8049
[2023-05-26T02:28:59.055+0000] {ohcl_daily.py:62} INFO - Loaded 3000/8049
[2023-05-26T02:29:03.992+0000] {ohcl_daily.py:62} INFO - Loaded 4000/8049
[2023-05-26T02:29:08.981+0000] {ohcl_daily.py:62} INFO - Loaded 5000/8049
[2023-05-26T02:29:13.922+0000] {ohcl_daily.py:62} INFO - Loaded 6000/8049
[2023-05-26T02:29:18.701+0000] {ohcl_daily.py:62} INFO - Loaded 7000/8049
[2023-05-26T02:29:23.817+0000] {ohcl_daily.py:62} INFO - Loaded 8000/8049
[2023-05-26T02:29:24.006+0000] {ohcl_daily.py:63} INFO - Loaded all data
[2023-05-26T02:31:35.014+0000] {ohcl_daily.py:72} INFO - Written cleaned data to /data/ohcl_raw_2023-05-26
[2023-05-26T02:31:35.721+0000] {python.py:183} INFO - Done. Returned value was: None
[2023-05-26T02:31:35.729+0000] {taskinstance.py:1350} INFO - Marking task as SUCCESS. dag_id=ohcl_daily, task_id=clean_data, execution_date=20230525T000000, start_date=20230526T022843, end_date=20230526T023135
[2023-05-26T02:31:35.879+0000] {local_task_job_runner.py:225} INFO - Task exited with return code 0
[2023-05-26T02:31:35.897+0000] {taskinstance.py:2651} INFO - 2 downstream tasks scheduled from follow-on schedule check
