[2023-05-23T22:57:42.521+0000] {manager.py:487} INFO - Processing files using up to 2 processes at a time 
[2023-05-23T22:57:42.521+0000] {manager.py:488} INFO - Process each file at most once every 30 seconds
[2023-05-23T22:57:42.521+0000] {manager.py:490} INFO - Checking for new files in /opt/airflow/dags every 300 seconds
[2023-05-23T22:57:42.521+0000] {manager.py:758} INFO - Searching for files in /opt/airflow/dags
[2023-05-23T22:57:42.522+0000] {manager.py:761} INFO - There are 1 files in /opt/airflow/dags
[2023-05-23T22:57:42.648+0000] {manager.py:889} INFO - 
================================================================================
DAG File Processing Stats

File Path                          PID  Runtime      # DAGs    # Errors  Last Runtime    Last Run
-------------------------------  -----  ---------  --------  ----------  --------------  ----------
/opt/airflow/dags/ohcl_daily.py     32  0.10s             0           0
================================================================================
[2023-05-23T22:58:12.764+0000] {manager.py:889} INFO - 
================================================================================
DAG File Processing Stats

File Path                        PID    Runtime      # DAGs    # Errors  Last Runtime    Last Run
-------------------------------  -----  ---------  --------  ----------  --------------  -------------------
/opt/airflow/dags/ohcl_daily.py                           1           0  0.29s           2023-05-23T22:57:42
================================================================================
[2023-05-23T22:58:43.047+0000] {manager.py:889} INFO - 
================================================================================
DAG File Processing Stats

File Path                        PID    Runtime      # DAGs    # Errors  Last Runtime    Last Run
-------------------------------  -----  ---------  --------  ----------  --------------  -------------------
/opt/airflow/dags/ohcl_daily.py                           1           0  0.20s           2023-05-23T22:58:13
================================================================================
[2023-05-23T22:59:13.315+0000] {manager.py:889} INFO - 
================================================================================
DAG File Processing Stats

File Path                        PID    Runtime      # DAGs    # Errors  Last Runtime    Last Run
-------------------------------  -----  ---------  --------  ----------  --------------  -------------------
/opt/airflow/dags/ohcl_daily.py                           1           0  0.25s           2023-05-23T22:58:43
================================================================================
[2023-05-23T22:59:43.659+0000] {manager.py:889} INFO - 
================================================================================
DAG File Processing Stats

File Path                        PID    Runtime      # DAGs    # Errors  Last Runtime    Last Run
-------------------------------  -----  ---------  --------  ----------  --------------  -------------------
/opt/airflow/dags/ohcl_daily.py                           1           0  0.23s           2023-05-23T22:59:13
================================================================================
[2023-05-23T23:00:13.766+0000] {manager.py:889} INFO - 
================================================================================
DAG File Processing Stats

File Path                        PID    Runtime      # DAGs    # Errors  Last Runtime    Last Run
-------------------------------  -----  ---------  --------  ----------  --------------  -------------------
/opt/airflow/dags/ohcl_daily.py                           1           0  0.83s           2023-05-23T22:59:44
================================================================================
[2023-05-23T23:00:43.870+0000] {manager.py:889} INFO - 
================================================================================
DAG File Processing Stats

File Path                        PID    Runtime      # DAGs    # Errors  Last Runtime    Last Run
-------------------------------  -----  ---------  --------  ----------  --------------  -------------------
/opt/airflow/dags/ohcl_daily.py                           1           0  0.08s           2023-05-23T23:00:14
================================================================================
[2023-05-23T23:01:14.009+0000] {manager.py:889} INFO - 
================================================================================
DAG File Processing Stats

File Path                        PID    Runtime      # DAGs    # Errors  Last Runtime    Last Run
-------------------------------  -----  ---------  --------  ----------  --------------  -------------------
/opt/airflow/dags/ohcl_daily.py                           1           0  0.08s           2023-05-23T23:00:44
================================================================================
[2023-05-23T23:01:44.115+0000] {manager.py:889} INFO - 
================================================================================
DAG File Processing Stats

File Path                        PID    Runtime      # DAGs    # Errors  Last Runtime    Last Run
-------------------------------  -----  ---------  --------  ----------  --------------  -------------------
/opt/airflow/dags/ohcl_daily.py                           1           0  0.09s           2023-05-23T23:01:15
================================================================================
[2023-05-23T23:02:14.264+0000] {manager.py:889} INFO - 
================================================================================
DAG File Processing Stats

File Path                        PID    Runtime      # DAGs    # Errors  Last Runtime    Last Run
-------------------------------  -----  ---------  --------  ----------  --------------  -------------------
/opt/airflow/dags/ohcl_daily.py                           1           0  0.09s           2023-05-23T23:01:45
================================================================================
[2023-05-23T23:02:43.367+0000] {manager.py:758} INFO - Searching for files in /opt/airflow/dags
[2023-05-23T23:02:43.368+0000] {manager.py:761} INFO - There are 1 files in /opt/airflow/dags
[2023-05-23T23:02:44.377+0000] {manager.py:889} INFO - 
================================================================================
DAG File Processing Stats

File Path                        PID    Runtime      # DAGs    # Errors  Last Runtime    Last Run
-------------------------------  -----  ---------  --------  ----------  --------------  -------------------
/opt/airflow/dags/ohcl_daily.py                           1           0  0.08s           2023-05-23T23:02:15
================================================================================
[2023-05-23T23:03:14.517+0000] {manager.py:889} INFO - 
================================================================================
DAG File Processing Stats

File Path                        PID    Runtime      # DAGs    # Errors  Last Runtime    Last Run
-------------------------------  -----  ---------  --------  ----------  --------------  -------------------
/opt/airflow/dags/ohcl_daily.py                           1           0  0.08s           2023-05-23T23:02:45
================================================================================
[2023-05-23T23:03:44.667+0000] {manager.py:889} INFO - 
================================================================================
DAG File Processing Stats

File Path                        PID    Runtime      # DAGs    # Errors  Last Runtime    Last Run
-------------------------------  -----  ---------  --------  ----------  --------------  -------------------
/opt/airflow/dags/ohcl_daily.py                           1           0  0.08s           2023-05-23T23:03:15
================================================================================
[2023-05-23T23:04:14.916+0000] {manager.py:889} INFO - 
================================================================================
DAG File Processing Stats

File Path                        PID    Runtime      # DAGs    # Errors  Last Runtime    Last Run
-------------------------------  -----  ---------  --------  ----------  --------------  -------------------
/opt/airflow/dags/ohcl_daily.py                           1           0  0.15s           2023-05-23T23:03:45
================================================================================
[2023-05-23T23:04:45.148+0000] {manager.py:889} INFO - 
================================================================================
DAG File Processing Stats

File Path                        PID    Runtime      # DAGs    # Errors  Last Runtime    Last Run
-------------------------------  -----  ---------  --------  ----------  --------------  -------------------
/opt/airflow/dags/ohcl_daily.py                           1           0  0.14s           2023-05-23T23:04:16
================================================================================
[2023-05-23T23:05:15.429+0000] {manager.py:889} INFO - 
================================================================================
DAG File Processing Stats

File Path                        PID    Runtime      # DAGs    # Errors  Last Runtime    Last Run
-------------------------------  -----  ---------  --------  ----------  --------------  -------------------
/opt/airflow/dags/ohcl_daily.py                           1           0  0.18s           2023-05-23T23:04:46
================================================================================
[2023-05-23T23:05:45.658+0000] {manager.py:889} INFO - 
================================================================================
DAG File Processing Stats

File Path                        PID    Runtime      # DAGs    # Errors  Last Runtime    Last Run
-------------------------------  -----  ---------  --------  ----------  --------------  -------------------
/opt/airflow/dags/ohcl_daily.py                           1           0  0.16s           2023-05-23T23:05:16
================================================================================
[2023-05-23T23:06:15.966+0000] {manager.py:889} INFO - 
================================================================================
DAG File Processing Stats

File Path                        PID    Runtime      # DAGs    # Errors  Last Runtime    Last Run
-------------------------------  -----  ---------  --------  ----------  --------------  -------------------
/opt/airflow/dags/ohcl_daily.py                           1           0  0.17s           2023-05-23T23:05:46
================================================================================
[2023-05-23T23:06:46.191+0000] {manager.py:889} INFO - 
================================================================================
DAG File Processing Stats

File Path                        PID    Runtime      # DAGs    # Errors  Last Runtime    Last Run
-------------------------------  -----  ---------  --------  ----------  --------------  -------------------
/opt/airflow/dags/ohcl_daily.py                           1           0  0.14s           2023-05-23T23:06:17
================================================================================
[2023-05-23T23:07:16.486+0000] {manager.py:889} INFO - 
================================================================================
DAG File Processing Stats

File Path                        PID    Runtime      # DAGs    # Errors  Last Runtime    Last Run
-------------------------------  -----  ---------  --------  ----------  --------------  -------------------
/opt/airflow/dags/ohcl_daily.py                           1           0  0.15s           2023-05-23T23:06:47
================================================================================
[2023-05-23T23:07:43.672+0000] {manager.py:758} INFO - Searching for files in /opt/airflow/dags
[2023-05-23T23:07:43.675+0000] {manager.py:761} INFO - There are 1 files in /opt/airflow/dags
[2023-05-23T23:07:46.706+0000] {manager.py:889} INFO - 
================================================================================
DAG File Processing Stats

File Path                        PID    Runtime      # DAGs    # Errors  Last Runtime    Last Run
-------------------------------  -----  ---------  --------  ----------  --------------  -------------------
/opt/airflow/dags/ohcl_daily.py                           1           0  0.21s           2023-05-23T23:07:17
================================================================================
[2023-05-23T23:08:16.901+0000] {manager.py:889} INFO - 
================================================================================
DAG File Processing Stats

File Path                        PID    Runtime      # DAGs    # Errors  Last Runtime    Last Run
-------------------------------  -----  ---------  --------  ----------  --------------  -------------------
/opt/airflow/dags/ohcl_daily.py                           1           0  0.14s           2023-05-23T23:07:47
================================================================================
[2023-05-23T23:08:47.189+0000] {manager.py:889} INFO - 
================================================================================
DAG File Processing Stats

File Path                        PID    Runtime      # DAGs    # Errors  Last Runtime    Last Run
-------------------------------  -----  ---------  --------  ----------  --------------  -------------------
/opt/airflow/dags/ohcl_daily.py                           1           0  0.17s           2023-05-23T23:08:18
================================================================================
[2023-05-23T23:09:17.417+0000] {manager.py:889} INFO - 
================================================================================
DAG File Processing Stats

File Path                        PID    Runtime      # DAGs    # Errors  Last Runtime    Last Run
-------------------------------  -----  ---------  --------  ----------  --------------  -------------------
/opt/airflow/dags/ohcl_daily.py                           1           0  0.13s           2023-05-23T23:08:48
================================================================================
[2023-05-23T23:09:47.683+0000] {manager.py:889} INFO - 
================================================================================
DAG File Processing Stats

File Path                        PID    Runtime      # DAGs    # Errors  Last Runtime    Last Run
-------------------------------  -----  ---------  --------  ----------  --------------  -------------------
/opt/airflow/dags/ohcl_daily.py                           1           0  0.19s           2023-05-23T23:09:18
================================================================================
[2023-05-23T23:10:17.980+0000] {manager.py:889} INFO - 
================================================================================
DAG File Processing Stats

File Path                        PID    Runtime      # DAGs    # Errors  Last Runtime    Last Run
-------------------------------  -----  ---------  --------  ----------  --------------  -------------------
/opt/airflow/dags/ohcl_daily.py                           1           0  0.16s           2023-05-23T23:09:48
================================================================================
[2023-05-23T23:10:48.186+0000] {manager.py:889} INFO - 
================================================================================
DAG File Processing Stats

File Path                        PID    Runtime      # DAGs    # Errors  Last Runtime    Last Run
-------------------------------  -----  ---------  --------  ----------  --------------  -------------------
/opt/airflow/dags/ohcl_daily.py                           1           0  0.15s           2023-05-23T23:10:19
================================================================================
[2023-05-23T23:11:18.474+0000] {manager.py:889} INFO - 
================================================================================
DAG File Processing Stats

File Path                        PID    Runtime      # DAGs    # Errors  Last Runtime    Last Run
-------------------------------  -----  ---------  --------  ----------  --------------  -------------------
/opt/airflow/dags/ohcl_daily.py                           1           0  0.18s           2023-05-23T23:10:49
================================================================================
[2023-05-23T23:11:48.722+0000] {manager.py:889} INFO - 
================================================================================
DAG File Processing Stats

File Path                        PID    Runtime      # DAGs    # Errors  Last Runtime    Last Run
-------------------------------  -----  ---------  --------  ----------  --------------  -------------------
/opt/airflow/dags/ohcl_daily.py                           1           0  0.15s           2023-05-23T23:11:19
================================================================================
[2023-05-23T23:12:19.055+0000] {manager.py:889} INFO - 
================================================================================
DAG File Processing Stats

File Path                        PID    Runtime      # DAGs    # Errors  Last Runtime    Last Run
-------------------------------  -----  ---------  --------  ----------  --------------  -------------------
/opt/airflow/dags/ohcl_daily.py                           1           0  0.18s           2023-05-23T23:11:49
================================================================================
[2023-05-23T23:12:44.242+0000] {manager.py:758} INFO - Searching for files in /opt/airflow/dags
[2023-05-23T23:12:44.244+0000] {manager.py:761} INFO - There are 1 files in /opt/airflow/dags
[2023-05-23T23:12:49.298+0000] {manager.py:889} INFO - 
================================================================================
DAG File Processing Stats

File Path                        PID    Runtime      # DAGs    # Errors  Last Runtime    Last Run
-------------------------------  -----  ---------  --------  ----------  --------------  -------------------
/opt/airflow/dags/ohcl_daily.py                           1           0  0.16s           2023-05-23T23:12:20
================================================================================
[2023-05-23T23:13:19.564+0000] {manager.py:889} INFO - 
================================================================================
DAG File Processing Stats

File Path                        PID    Runtime      # DAGs    # Errors  Last Runtime    Last Run
-------------------------------  -----  ---------  --------  ----------  --------------  -------------------
/opt/airflow/dags/ohcl_daily.py                           1           0  0.17s           2023-05-23T23:12:50
================================================================================
[2023-05-23T23:13:49.849+0000] {manager.py:889} INFO - 
================================================================================
DAG File Processing Stats

File Path                        PID    Runtime      # DAGs    # Errors  Last Runtime    Last Run
-------------------------------  -----  ---------  --------  ----------  --------------  -------------------
/opt/airflow/dags/ohcl_daily.py                           1           0  0.18s           2023-05-23T23:13:20
================================================================================
[2023-05-23T23:14:20.119+0000] {manager.py:889} INFO - 
================================================================================
DAG File Processing Stats

File Path                        PID    Runtime      # DAGs    # Errors  Last Runtime    Last Run
-------------------------------  -----  ---------  --------  ----------  --------------  -------------------
/opt/airflow/dags/ohcl_daily.py                           1           0  0.16s           2023-05-23T23:13:51
================================================================================
[2023-05-23T23:14:50.401+0000] {manager.py:889} INFO - 
================================================================================
DAG File Processing Stats

File Path                        PID    Runtime      # DAGs    # Errors  Last Runtime    Last Run
-------------------------------  -----  ---------  --------  ----------  --------------  -------------------
/opt/airflow/dags/ohcl_daily.py                           1           0  0.20s           2023-05-23T23:14:21
================================================================================
[2023-05-23T23:15:20.633+0000] {manager.py:889} INFO - 
================================================================================
DAG File Processing Stats

File Path                        PID    Runtime      # DAGs    # Errors  Last Runtime    Last Run
-------------------------------  -----  ---------  --------  ----------  --------------  -------------------
/opt/airflow/dags/ohcl_daily.py                           1           0  0.16s           2023-05-23T23:14:51
================================================================================
[2023-05-23T23:15:50.891+0000] {manager.py:889} INFO - 
================================================================================
DAG File Processing Stats

File Path                        PID    Runtime      # DAGs    # Errors  Last Runtime    Last Run
-------------------------------  -----  ---------  --------  ----------  --------------  -------------------
/opt/airflow/dags/ohcl_daily.py                           1           0  0.18s           2023-05-23T23:15:21
================================================================================
[2023-05-23T23:16:21.058+0000] {manager.py:889} INFO - 
================================================================================
DAG File Processing Stats

File Path                        PID    Runtime      # DAGs    # Errors  Last Runtime    Last Run
-------------------------------  -----  ---------  --------  ----------  --------------  -------------------
/opt/airflow/dags/ohcl_daily.py                           1           0  0.11s           2023-05-23T23:15:52
================================================================================
[2023-05-23T23:16:51.247+0000] {manager.py:889} INFO - 
================================================================================
DAG File Processing Stats

File Path                        PID    Runtime      # DAGs    # Errors  Last Runtime    Last Run
-------------------------------  -----  ---------  --------  ----------  --------------  -------------------
/opt/airflow/dags/ohcl_daily.py                           1           0  0.08s           2023-05-23T23:16:22
================================================================================
[2023-05-23T23:17:21.386+0000] {manager.py:889} INFO - 
================================================================================
DAG File Processing Stats

File Path                        PID    Runtime      # DAGs    # Errors  Last Runtime    Last Run
-------------------------------  -----  ---------  --------  ----------  --------------  -------------------
/opt/airflow/dags/ohcl_daily.py                           1           0  0.10s           2023-05-23T23:16:52
================================================================================
[2023-05-23T23:17:44.557+0000] {manager.py:758} INFO - Searching for files in /opt/airflow/dags
[2023-05-23T23:17:44.560+0000] {manager.py:761} INFO - There are 1 files in /opt/airflow/dags
[2023-05-23T23:17:51.612+0000] {manager.py:889} INFO - 
================================================================================
DAG File Processing Stats

File Path                        PID    Runtime      # DAGs    # Errors  Last Runtime    Last Run
-------------------------------  -----  ---------  --------  ----------  --------------  -------------------
/opt/airflow/dags/ohcl_daily.py                           1           0  0.12s           2023-05-23T23:17:22
================================================================================
[2023-05-23T23:18:21.765+0000] {manager.py:889} INFO - 
================================================================================
DAG File Processing Stats

File Path                        PID    Runtime      # DAGs    # Errors  Last Runtime    Last Run
-------------------------------  -----  ---------  --------  ----------  --------------  -------------------
/opt/airflow/dags/ohcl_daily.py                           1           0  0.07s           2023-05-23T23:17:52
================================================================================
[2023-05-23T23:18:51.931+0000] {manager.py:889} INFO - 
================================================================================
DAG File Processing Stats

File Path                        PID    Runtime      # DAGs    # Errors  Last Runtime    Last Run
-------------------------------  -----  ---------  --------  ----------  --------------  -------------------
/opt/airflow/dags/ohcl_daily.py                           1           0  0.12s           2023-05-23T23:18:22
================================================================================
[2023-05-23T23:19:22.118+0000] {manager.py:889} INFO - 
================================================================================
DAG File Processing Stats

File Path                        PID    Runtime      # DAGs    # Errors  Last Runtime    Last Run
-------------------------------  -----  ---------  --------  ----------  --------------  -------------------
/opt/airflow/dags/ohcl_daily.py                           1           0  0.09s           2023-05-23T23:18:53
================================================================================
[2023-05-23T23:19:52.268+0000] {manager.py:889} INFO - 
================================================================================
DAG File Processing Stats

File Path                        PID    Runtime      # DAGs    # Errors  Last Runtime    Last Run
-------------------------------  -----  ---------  --------  ----------  --------------  -------------------
/opt/airflow/dags/ohcl_daily.py                           1           0  0.11s           2023-05-23T23:19:23
================================================================================
[2023-05-23T23:20:22.475+0000] {manager.py:889} INFO - 
================================================================================
DAG File Processing Stats

File Path                        PID    Runtime      # DAGs    # Errors  Last Runtime    Last Run
-------------------------------  -----  ---------  --------  ----------  --------------  -------------------
/opt/airflow/dags/ohcl_daily.py                           1           0  0.09s           2023-05-23T23:19:53
================================================================================
[2023-05-23T23:20:52.632+0000] {manager.py:889} INFO - 
================================================================================
DAG File Processing Stats

File Path                        PID    Runtime      # DAGs    # Errors  Last Runtime    Last Run
-------------------------------  -----  ---------  --------  ----------  --------------  -------------------
/opt/airflow/dags/ohcl_daily.py                           1           0  0.10s           2023-05-23T23:20:23
================================================================================
[2023-05-23T23:21:22.832+0000] {manager.py:889} INFO - 
================================================================================
DAG File Processing Stats

File Path                        PID    Runtime      # DAGs    # Errors  Last Runtime    Last Run
-------------------------------  -----  ---------  --------  ----------  --------------  -------------------
/opt/airflow/dags/ohcl_daily.py                           1           0  0.10s           2023-05-23T23:20:53
================================================================================
[2023-05-23T23:21:52.990+0000] {manager.py:889} INFO - 
================================================================================
DAG File Processing Stats

File Path                        PID    Runtime      # DAGs    # Errors  Last Runtime    Last Run
-------------------------------  -----  ---------  --------  ----------  --------------  -------------------
/opt/airflow/dags/ohcl_daily.py                           1           0  0.10s           2023-05-23T23:21:23
================================================================================
[2023-05-23T23:22:23.176+0000] {manager.py:889} INFO - 
================================================================================
DAG File Processing Stats

File Path                        PID    Runtime      # DAGs    # Errors  Last Runtime    Last Run
-------------------------------  -----  ---------  --------  ----------  --------------  -------------------
/opt/airflow/dags/ohcl_daily.py                           1           0  0.11s           2023-05-23T23:21:54
================================================================================
[2023-05-23T23:22:45.319+0000] {manager.py:758} INFO - Searching for files in /opt/airflow/dags
[2023-05-23T23:22:45.321+0000] {manager.py:761} INFO - There are 1 files in /opt/airflow/dags
[2023-05-23T23:22:53.366+0000] {manager.py:889} INFO - 
================================================================================
DAG File Processing Stats

File Path                        PID    Runtime      # DAGs    # Errors  Last Runtime    Last Run
-------------------------------  -----  ---------  --------  ----------  --------------  -------------------
/opt/airflow/dags/ohcl_daily.py                           1           0  0.10s           2023-05-23T23:22:24
================================================================================
[2023-05-23T23:23:23.538+0000] {manager.py:889} INFO - 
================================================================================
DAG File Processing Stats

File Path                        PID    Runtime      # DAGs    # Errors  Last Runtime    Last Run
-------------------------------  -----  ---------  --------  ----------  --------------  -------------------
/opt/airflow/dags/ohcl_daily.py                           1           0  0.10s           2023-05-23T23:22:54
================================================================================
[2023-05-23T23:23:53.734+0000] {manager.py:889} INFO - 
================================================================================
DAG File Processing Stats

File Path                        PID    Runtime      # DAGs    # Errors  Last Runtime    Last Run
-------------------------------  -----  ---------  --------  ----------  --------------  -------------------
/opt/airflow/dags/ohcl_daily.py                           1           0  0.10s           2023-05-23T23:23:24
================================================================================
[2023-05-23T23:24:23.887+0000] {manager.py:889} INFO - 
================================================================================
DAG File Processing Stats

File Path                        PID    Runtime      # DAGs    # Errors  Last Runtime    Last Run
-------------------------------  -----  ---------  --------  ----------  --------------  -------------------
/opt/airflow/dags/ohcl_daily.py                           1           0  0.08s           2023-05-23T23:23:54
================================================================================
[2023-05-23T23:24:54.058+0000] {manager.py:889} INFO - 
================================================================================
DAG File Processing Stats

File Path                        PID    Runtime      # DAGs    # Errors  Last Runtime    Last Run
-------------------------------  -----  ---------  --------  ----------  --------------  -------------------
/opt/airflow/dags/ohcl_daily.py                           1           0  0.08s           2023-05-23T23:24:24
================================================================================
[2023-05-23T23:25:24.218+0000] {manager.py:889} INFO - 
================================================================================
DAG File Processing Stats

File Path                        PID    Runtime      # DAGs    # Errors  Last Runtime    Last Run
-------------------------------  -----  ---------  --------  ----------  --------------  -------------------
/opt/airflow/dags/ohcl_daily.py                           1           0  0.08s           2023-05-23T23:24:55
================================================================================
[2023-05-23T23:25:54.393+0000] {manager.py:889} INFO - 
================================================================================
DAG File Processing Stats

File Path                        PID    Runtime      # DAGs    # Errors  Last Runtime    Last Run
-------------------------------  -----  ---------  --------  ----------  --------------  -------------------
/opt/airflow/dags/ohcl_daily.py                           1           0  0.12s           2023-05-23T23:25:25
================================================================================
[2023-05-23T23:26:24.581+0000] {manager.py:889} INFO - 
================================================================================
DAG File Processing Stats

File Path                        PID    Runtime      # DAGs    # Errors  Last Runtime    Last Run
-------------------------------  -----  ---------  --------  ----------  --------------  -------------------
/opt/airflow/dags/ohcl_daily.py                           1           0  0.07s           2023-05-23T23:25:55
================================================================================
[2023-05-23T23:26:54.723+0000] {manager.py:889} INFO - 
================================================================================
DAG File Processing Stats

File Path                        PID    Runtime      # DAGs    # Errors  Last Runtime    Last Run
-------------------------------  -----  ---------  --------  ----------  --------------  -------------------
/opt/airflow/dags/ohcl_daily.py                           1           0  0.11s           2023-05-23T23:26:25
================================================================================
[2023-05-23T23:27:24.860+0000] {manager.py:889} INFO - 
================================================================================
DAG File Processing Stats

File Path                        PID    Runtime      # DAGs    # Errors  Last Runtime    Last Run
-------------------------------  -----  ---------  --------  ----------  --------------  -------------------
/opt/airflow/dags/ohcl_daily.py                           1           0  0.07s           2023-05-23T23:26:55
================================================================================
[2023-05-23T23:27:45.997+0000] {manager.py:758} INFO - Searching for files in /opt/airflow/dags
[2023-05-23T23:27:45.998+0000] {manager.py:761} INFO - There are 1 files in /opt/airflow/dags
[2023-05-23T23:27:55.051+0000] {manager.py:889} INFO - 
================================================================================
DAG File Processing Stats

File Path                        PID    Runtime      # DAGs    # Errors  Last Runtime    Last Run
-------------------------------  -----  ---------  --------  ----------  --------------  -------------------
/opt/airflow/dags/ohcl_daily.py                           1           0  0.08s           2023-05-23T23:27:25
================================================================================
[2023-05-23T23:28:25.201+0000] {manager.py:889} INFO - 
================================================================================
DAG File Processing Stats

File Path                        PID    Runtime      # DAGs    # Errors  Last Runtime    Last Run
-------------------------------  -----  ---------  --------  ----------  --------------  -------------------
/opt/airflow/dags/ohcl_daily.py                           1           0  0.11s           2023-05-23T23:27:56
================================================================================
[2023-05-23T23:28:55.339+0000] {manager.py:889} INFO - 
================================================================================
DAG File Processing Stats

File Path                        PID    Runtime      # DAGs    # Errors  Last Runtime    Last Run
-------------------------------  -----  ---------  --------  ----------  --------------  -------------------
/opt/airflow/dags/ohcl_daily.py                           1           0  0.07s           2023-05-23T23:28:26
================================================================================
[2023-05-23T23:29:25.529+0000] {manager.py:889} INFO - 
================================================================================
DAG File Processing Stats

File Path                        PID    Runtime      # DAGs    # Errors  Last Runtime    Last Run
-------------------------------  -----  ---------  --------  ----------  --------------  -------------------
/opt/airflow/dags/ohcl_daily.py                           1           0  0.07s           2023-05-23T23:28:56
================================================================================
[2023-05-23T23:29:40.937+0000] {manager.py:470} INFO - Exiting gracefully upon receiving signal 15
