[2023-05-23T22:58:30.581+0000] {taskinstance.py:1103} INFO - Dependencies all met for dep_context=non-requeueable deps ti=<TaskInstance: ohcl_daily.clean_data scheduled__2023-05-22T00:00:00+00:00 [queued]>
[2023-05-23T22:58:30.590+0000] {taskinstance.py:1103} INFO - Dependencies all met for dep_context=requeueable deps ti=<TaskInstance: ohcl_daily.clean_data scheduled__2023-05-22T00:00:00+00:00 [queued]>
[2023-05-23T22:58:30.590+0000] {taskinstance.py:1308} INFO - Starting attempt 1 of 1
[2023-05-23T22:58:30.855+0000] {taskinstance.py:1327} INFO - Executing <Task(PythonOperator): clean_data> on 2023-05-22 00:00:00+00:00
[2023-05-23T22:58:30.870+0000] {standard_task_runner.py:57} INFO - Started process 119 to run task
[2023-05-23T22:58:30.874+0000] {standard_task_runner.py:84} INFO - Running: ['***', 'tasks', 'run', 'ohcl_daily', 'clean_data', 'scheduled__2023-05-22T00:00:00+00:00', '--job-id', '4', '--raw', '--subdir', 'DAGS_FOLDER/ohcl_daily.py', '--cfg-path', '/tmp/tmpaxv8w403']
[2023-05-23T22:58:30.875+0000] {standard_task_runner.py:85} INFO - Job 4: Subtask clean_data
[2023-05-23T22:58:31.013+0000] {task_command.py:410} INFO - Running <TaskInstance: ohcl_daily.clean_data scheduled__2023-05-22T00:00:00+00:00 [running]> on host 119b60747c8b
[2023-05-23T22:58:31.482+0000] {taskinstance.py:1547} INFO - Exporting env vars: AIRFLOW_CTX_DAG_OWNER='***' AIRFLOW_CTX_DAG_ID='ohcl_daily' AIRFLOW_CTX_TASK_ID='clean_data' AIRFLOW_CTX_EXECUTION_DATE='2023-05-22T00:00:00+00:00' AIRFLOW_CTX_TRY_NUMBER='1' AIRFLOW_CTX_DAG_RUN_ID='scheduled__2023-05-22T00:00:00+00:00'
[2023-05-23T22:58:32.267+0000] {ohcl_daily.py:64} INFO - Loaded 0/8049
[2023-05-23T22:58:37.482+0000] {ohcl_daily.py:64} INFO - Loaded 1000/8049
[2023-05-23T22:58:43.050+0000] {ohcl_daily.py:64} INFO - Loaded 2000/8049
[2023-05-23T22:58:47.702+0000] {ohcl_daily.py:64} INFO - Loaded 3000/8049
[2023-05-23T22:58:52.532+0000] {ohcl_daily.py:64} INFO - Loaded 4000/8049
[2023-05-23T22:58:57.587+0000] {ohcl_daily.py:64} INFO - Loaded 5000/8049
[2023-05-23T22:59:02.578+0000] {ohcl_daily.py:64} INFO - Loaded 6000/8049
[2023-05-23T22:59:07.449+0000] {ohcl_daily.py:64} INFO - Loaded 7000/8049
[2023-05-23T22:59:12.836+0000] {ohcl_daily.py:64} INFO - Loaded 8000/8049
[2023-05-23T22:59:13.020+0000] {ohcl_daily.py:65} INFO - Loaded all data
[2023-05-23T23:01:31.747+0000] {ohcl_daily.py:74} INFO - Written cleaned data to /data/ohcl_raw_2023-05-23
[2023-05-23T23:01:32.444+0000] {python.py:183} INFO - Done. Returned value was: None
[2023-05-23T23:01:32.452+0000] {taskinstance.py:1350} INFO - Marking task as SUCCESS. dag_id=ohcl_daily, task_id=clean_data, execution_date=20230522T000000, start_date=20230523T225830, end_date=20230523T230132
[2023-05-23T23:01:32.661+0000] {local_task_job_runner.py:225} INFO - Task exited with return code 0
[2023-05-23T23:01:32.680+0000] {taskinstance.py:2651} INFO - 2 downstream tasks scheduled from follow-on schedule check
